Error processing line 1 of /home/phuc/.local/lib/python3.10/site-packages/matplotlib-3.6.0.dev2034+gc33557d12-nspkg.pth:

  Traceback (most recent call last):
    File "/usr/lib/python3.10/site.py", line 192, in addpackage
      exec(line)
    File "<string>", line 1, in <module>
    File "<frozen importlib._bootstrap>", line 568, in module_from_spec
  AttributeError: 'NoneType' object has no attribute 'loader'

Remainder of file ignored
======================================================================
PHASE 1: MICRO TEST (5 Instances)
======================================================================

Goal: Verify orchestration works, identify critical issues
Model: llama 8B
Approach: Direct edits + Feedback loop (up to 6 attempts)

Traceback (most recent call last):
  File "/home/phuc/projects/stillwater/test_phase1_micro.py", line 179, in <module>
    success = test_phase_1_micro()
  File "/home/phuc/projects/stillwater/test_phase1_micro.py", line 33, in test_phase_1_micro
    dataset = load_dataset("princeton-nlp/SWE-bench_Lite")
  File "/home/phuc/projects/stillwater/src/stillwater/swe/loader.py", line 91, in load_dataset
    return _load_from_file(dataset_path)
  File "/home/phuc/projects/stillwater/src/stillwater/swe/loader.py", line 107, in _load_from_file
    raise FileNotFoundError(f"Dataset file not found: {path}")
FileNotFoundError: Dataset file not found: princeton-nlp/SWE-bench_Lite
