{
  "completed": [
    "django__django-11848",
    "django__django-12453",
    "django__django-14382",
    "django__django-15320",
    "sympy__sympy-15346",
    "django__django-11964",
    "django__django-16873",
    "django__django-14667",
    "sphinx-doc__sphinx-8713",
    "sphinx-doc__sphinx-7975",
    "django__django-15738",
    "matplotlib__matplotlib-23964",
    "pytest-dev__pytest-7373",
    "sympy__sympy-15609",
    "django__django-14155",
    "django__django-14534",
    "django__django-17051",
    "pydata__xarray-4248",
    "django__django-13590",
    "django__django-11099",
    "django__django-15851",
    "sympy__sympy-20049",
    "pytest-dev__pytest-11143",
    "matplotlib__matplotlib-25311",
    "sympy__sympy-15011",
    "matplotlib__matplotlib-23562",
    "sympy__sympy-17630",
    "django__django-13658",
    "psf__requests-3362",
    "django__django-11001",
    "django__django-13158",
    "sphinx-doc__sphinx-8721",
    "pytest-dev__pytest-8365",
    "psf__requests-2317",
    "matplotlib__matplotlib-23314",
    "scikit-learn__scikit-learn-14087",
    "sympy__sympy-15308",
    "astropy__astropy-14365",
    "matplotlib__matplotlib-24334",
    "django__django-11019",
    "pytest-dev__pytest-5495",
    "django__django-13220",
    "django__django-16139",
    "sympy__sympy-11897",
    "sympy__sympy-14317",
    "django__django-11049",
    "pallets__flask-4992",
    "sympy__sympy-16988",
    "matplotlib__matplotlib-22835",
    "matplotlib__matplotlib-22711",
    "sympy__sympy-13915",
    "sympy__sympy-13146",
    "matplotlib__matplotlib-24970",
    "sphinx-doc__sphinx-8801",
    "scikit-learn__scikit-learn-13584",
    "django__django-11583",
    "sphinx-doc__sphinx-8627",
    "django__django-11039",
    "django__django-13321",
    "sympy__sympy-18698",
    "django__django-12125",
    "astropy__astropy-6938",
    "django__django-14752",
    "mwaskom__seaborn-3010",
    "sympy__sympy-13971",
    "pylint-dev__pylint-7228",
    "sympy__sympy-13647",
    "pytest-dev__pytest-7168",
    "pallets__flask-5063",
    "pylint-dev__pylint-6506",
    "sympy__sympy-19487",
    "scikit-learn__scikit-learn-11281",
    "django__django-14915",
    "django__django-16595",
    "matplotlib__matplotlib-18869",
    "sympy__sympy-12419",
    "django__django-16255",
    "scikit-learn__scikit-learn-13497",
    "sympy__sympy-13471",
    "sympy__sympy-16503",
    "django__django-13230",
    "django__django-11283",
    "sympy__sympy-20442",
    "matplotlib__matplotlib-23987",
    "pylint-dev__pylint-5859",
    "pylint-dev__pylint-7993",
    "django__django-13757",
    "scikit-learn__scikit-learn-10949",
    "pydata__xarray-5131",
    "django__django-12700",
    "sympy__sympy-20212",
    "django__django-14411",
    "django__django-15252",
    "django__django-13401",
    "sympy__sympy-18087",
    "scikit-learn__scikit-learn-25747",
    "sympy__sympy-18199",
    "django__django-16400",
    "psf__requests-863",
    "sphinx-doc__sphinx-10451",
    "matplotlib__matplotlib-24265",
    "django__django-12983",
    "django__django-13551",
    "sympy__sympy-13177",
    "sympy__sympy-20154",
    "django__django-11905",
    "django__django-11133",
    "matplotlib__matplotlib-25442",
    "django__django-11179",
    "scikit-learn__scikit-learn-14983",
    "matplotlib__matplotlib-23476",
    "django__django-16910",
    "scikit-learn__scikit-learn-13241",
    "django__django-15781",
    "django__django-15400",
    "pytest-dev__pytest-7432",
    "sympy__sympy-19007",
    "scikit-learn__scikit-learn-13779",
    "sympy__sympy-18532",
    "pytest-dev__pytest-6116",
    "django__django-12308",
    "psf__requests-2148",
    "sympy__sympy-13437",
    "django__django-11999",
    "sympy__sympy-12171",
    "sphinx-doc__sphinx-11445",
    "astropy__astropy-14182",
    "sphinx-doc__sphinx-8595",
    "pytest-dev__pytest-9359",
    "sphinx-doc__sphinx-8273",
    "pydata__xarray-4493",
    "django__django-14238",
    "pallets__flask-4045",
    "django__django-12747",
    "psf__requests-1963",
    "scikit-learn__scikit-learn-14894",
    "sphinx-doc__sphinx-7686",
    "sympy__sympy-14396",
    "django__django-11742",
    "astropy__astropy-12907",
    "django__django-12908",
    "sympy__sympy-16792",
    "django__django-13660",
    "scikit-learn__scikit-learn-25570",
    "django__django-11564",
    "django__django-15902",
    "sympy__sympy-18621",
    "pytest-dev__pytest-11148",
    "sympy__sympy-11870",
    "scikit-learn__scikit-learn-10508",
    "django__django-15789",
    "pytest-dev__pytest-7490",
    "scikit-learn__scikit-learn-15535",
    "sphinx-doc__sphinx-8435",
    "pydata__xarray-4094",
    "sympy__sympy-11400",
    "django__django-10914",
    "matplotlib__matplotlib-26011",
    "sympy__sympy-15678",
    "scikit-learn__scikit-learn-25638",
    "pytest-dev__pytest-8906",
    "sympy__sympy-13773",
    "sympy__sympy-14308",
    "matplotlib__matplotlib-24149",
    "django__django-14730",
    "django__django-14672",
    "matplotlib__matplotlib-25332",
    "django__django-15814",
    "sphinx-doc__sphinx-8506",
    "sympy__sympy-14774",
    "sympy__sympy-17655",
    "sympy__sympy-13895",
    "django__django-13964",
    "scikit-learn__scikit-learn-13496",
    "django__django-15061",
    "sympy__sympy-13031",
    "sympy__sympy-17139",
    "django__django-15695",
    "django__django-15498",
    "django__django-13447",
    "pylint-dev__pylint-7114",
    "django__django-14855",
    "django__django-13315",
    "scikit-learn__scikit-learn-14092",
    "django__django-15213",
    "sympy__sympy-15345",
    "django__django-16820",
    "matplotlib__matplotlib-23913",
    "pytest-dev__pytest-5221",
    "django__django-14999",
    "django__django-13933",
    "django__django-15819",
    "django__django-16379",
    "django__django-13448",
    "scikit-learn__scikit-learn-12471",
    "matplotlib__matplotlib-23299",
    "sympy__sympy-18835",
    "django__django-12470",
    "sympy__sympy-14817",
    "django__django-12708",
    "sympy__sympy-18057",
    "pytest-dev__pytest-7220",
    "matplotlib__matplotlib-25079",
    "astropy__astropy-14995",
    "django__django-14016",
    "django__django-12286",
    "django__django-14787",
    "django__django-11815",
    "django__django-14580",
    "django__django-16229",
    "django__django-13710",
    "sphinx-doc__sphinx-8282",
    "pydata__xarray-3364",
    "matplotlib__matplotlib-25433",
    "sympy__sympy-12454",
    "django__django-16816",
    "django__django-13033",
    "django__django-15388",
    "django__django-16408",
    "mwaskom__seaborn-3190",
    "django__django-16527",
    "matplotlib__matplotlib-23563",
    "django__django-13768",
    "django__django-15202",
    "astropy__astropy-7746",
    "scikit-learn__scikit-learn-15512",
    "scikit-learn__scikit-learn-10297",
    "django__django-15996",
    "django__django-12589",
    "scikit-learn__scikit-learn-13439",
    "sympy__sympy-14024",
    "pytest-dev__pytest-5103",
    "django__django-14017",
    "sympy__sympy-13043",
    "django__django-16046",
    "django__django-14608",
    "django__django-12113",
    "django__django-13925",
    "sympy__sympy-17022",
    "django__django-13265",
    "django__django-17087",
    "mwaskom__seaborn-3407",
    "psf__requests-2674",
    "sympy__sympy-13480",
    "matplotlib__matplotlib-25498",
    "sympy__sympy-18189",
    "sympy__sympy-12481",
    "sympy__sympy-16281",
    "pylint-dev__pylint-7080",
    "sympy__sympy-20322",
    "django__django-10924",
    "scikit-learn__scikit-learn-13142",
    "pytest-dev__pytest-5692",
    "django__django-15790",
    "sympy__sympy-12236",
    "django__django-12915",
    "mwaskom__seaborn-2848",
    "scikit-learn__scikit-learn-11040",
    "django__django-12497",
    "django__django-11422",
    "django__django-11797",
    "sphinx-doc__sphinx-7738",
    "django__django-12184",
    "django__django-14997",
    "django__django-12856",
    "sphinx-doc__sphinx-10325",
    "django__django-13028",
    "django__django-11910",
    "pytest-dev__pytest-5413",
    "scikit-learn__scikit-learn-25500",
    "django__django-16041",
    "django__django-11630",
    "sympy__sympy-16106",
    "matplotlib__matplotlib-26020",
    "sympy__sympy-19254",
    "django__django-12284",
    "pytest-dev__pytest-5227",
    "sphinx-doc__sphinx-8474",
    "django__django-11620",
    "django__django-15347"
  ],
  "results": [
    {
      "instance_id": "astropy__astropy-12907",
      "verified": false,
      "patch": null,
      "certificate": null,
      "red_gate_message": "\u274c Test execution failed: ImportError while loading conftest '/tmp/sweb-astropy__astropy-12907-bub_0gi3/repo/conftest.py'.\nconftest.py:9: in <module>\n    import hypothesis\nE   ModuleNotFoundError: No module named 'hypothesis'\n",
      "green_gate_message": "",
      "god_gate_message": "",
      "baseline_passing": 0,
      "after_patch_passing": 0,
      "regressions": 0,
      "new_fixes": 0,
      "duration_ms": 11412,
      "error": "Red Gate failed: \u274c Test execution failed: ImportError while loading conftest '/tmp/sweb-astropy__astropy-12907-bub_0gi3/repo/conftest.py'.\nconftest.py:9: in <module>\n    import hypothesis\nE   ModuleNotFoundError: No module named 'hypothesis'\n"
    },
    {
      "instance_id": "astropy__astropy-14182",
      "verified": false,
      "patch": null,
      "certificate": null,
      "red_gate_message": "\u274c Test execution failed: ImportError while loading conftest '/tmp/sweb-astropy__astropy-14182-o7i4i62b/repo/conftest.py'.\nconftest.py:9: in <module>\n    import hypothesis\nE   ModuleNotFoundError: No module named 'hypothesis'\n",
      "green_gate_message": "",
      "god_gate_message": "",
      "baseline_passing": 0,
      "after_patch_passing": 0,
      "regressions": 0,
      "new_fixes": 0,
      "duration_ms": 1474,
      "error": "Red Gate failed: \u274c Test execution failed: ImportError while loading conftest '/tmp/sweb-astropy__astropy-14182-o7i4i62b/repo/conftest.py'.\nconftest.py:9: in <module>\n    import hypothesis\nE   ModuleNotFoundError: No module named 'hypothesis'\n"
    },
    {
      "instance_id": "astropy__astropy-14365",
      "verified": false,
      "patch": null,
      "certificate": null,
      "red_gate_message": "\u274c Test execution failed: ImportError while loading conftest '/tmp/sweb-astropy__astropy-14365-md2hpv4i/repo/conftest.py'.\nconftest.py:9: in <module>\n    import hypothesis\nE   ModuleNotFoundError: No module named 'hypothesis'\n",
      "green_gate_message": "",
      "god_gate_message": "",
      "baseline_passing": 0,
      "after_patch_passing": 0,
      "regressions": 0,
      "new_fixes": 0,
      "duration_ms": 1202,
      "error": "Red Gate failed: \u274c Test execution failed: ImportError while loading conftest '/tmp/sweb-astropy__astropy-14365-md2hpv4i/repo/conftest.py'.\nconftest.py:9: in <module>\n    import hypothesis\nE   ModuleNotFoundError: No module named 'hypothesis'\n"
    },
    {
      "instance_id": "astropy__astropy-14995",
      "verified": false,
      "patch": null,
      "certificate": null,
      "red_gate_message": "\u274c Test execution failed: ImportError while loading conftest '/tmp/sweb-astropy__astropy-14995-0_vu3rp6/repo/conftest.py'.\nconftest.py:9: in <module>\n    import hypothesis\nE   ModuleNotFoundError: No module named 'hypothesis'\n",
      "green_gate_message": "",
      "god_gate_message": "",
      "baseline_passing": 0,
      "after_patch_passing": 0,
      "regressions": 0,
      "new_fixes": 0,
      "duration_ms": 1184,
      "error": "Red Gate failed: \u274c Test execution failed: ImportError while loading conftest '/tmp/sweb-astropy__astropy-14995-0_vu3rp6/repo/conftest.py'.\nconftest.py:9: in <module>\n    import hypothesis\nE   ModuleNotFoundError: No module named 'hypothesis'\n"
    },
    {
      "instance_id": "astropy__astropy-6938",
      "verified": false,
      "patch": null,
      "certificate": null,
      "red_gate_message": "\u274c Test execution failed: /tmp/sweb-astropy__astropy-6938-rnn86fh7/repo/astropy/utils/introspection.py:147: UserWarning: pkg_resources is deprecated as an API. See https://setuptools.pypa.io/en/latest/pkg_resources.html. The p",
      "green_gate_message": "",
      "god_gate_message": "",
      "baseline_passing": 0,
      "after_patch_passing": 0,
      "regressions": 0,
      "new_fixes": 0,
      "duration_ms": 1577,
      "error": "Red Gate failed: \u274c Test execution failed: /tmp/sweb-astropy__astropy-6938-rnn86fh7/repo/astropy/utils/introspection.py:147: UserWarning: pkg_resources is deprecated as an API. See https://setuptools.pypa.io/en/latest/pkg_resources.html. The p"
    },
    {
      "instance_id": "astropy__astropy-7746",
      "verified": false,
      "patch": null,
      "certificate": null,
      "red_gate_message": "\u274c Test execution failed: Traceback (most recent call last):\n  File \"/home/phuc/.local/bin/pytest\", line 8, in <module>\n    sys.exit(console_main())\n  File \"/home/phuc/.local/lib/python3.10/site-packages/_pytest/config/__init_",
      "green_gate_message": "",
      "god_gate_message": "",
      "baseline_passing": 0,
      "after_patch_passing": 0,
      "regressions": 0,
      "new_fixes": 0,
      "duration_ms": 1600,
      "error": "Red Gate failed: \u274c Test execution failed: Traceback (most recent call last):\n  File \"/home/phuc/.local/bin/pytest\", line 8, in <module>\n    sys.exit(console_main())\n  File \"/home/phuc/.local/lib/python3.10/site-packages/_pytest/config/__init_"
    },
    {
      "instance_id": "django__django-10914",
      "verified": false,
      "patch": null,
      "certificate": null,
      "red_gate_message": "\u274c Test execution failed: ",
      "green_gate_message": "",
      "god_gate_message": "",
      "baseline_passing": 0,
      "after_patch_passing": 0,
      "regressions": 0,
      "new_fixes": 0,
      "duration_ms": 17957,
      "error": "Red Gate failed: \u274c Test execution failed: "
    },
    {
      "instance_id": "django__django-10924",
      "verified": false,
      "patch": null,
      "certificate": null,
      "red_gate_message": "\u274c Test execution failed: ",
      "green_gate_message": "",
      "god_gate_message": "",
      "baseline_passing": 0,
      "after_patch_passing": 0,
      "regressions": 0,
      "new_fixes": 0,
      "duration_ms": 2565,
      "error": "Red Gate failed: \u274c Test execution failed: "
    },
    {
      "instance_id": "django__django-11001",
      "verified": false,
      "patch": null,
      "certificate": null,
      "red_gate_message": "\u274c Test execution failed: ",
      "green_gate_message": "",
      "god_gate_message": "",
      "baseline_passing": 0,
      "after_patch_passing": 0,
      "regressions": 0,
      "new_fixes": 0,
      "duration_ms": 2759,
      "error": "Red Gate failed: \u274c Test execution failed: "
    },
    {
      "instance_id": "django__django-11019",
      "verified": false,
      "patch": null,
      "certificate": null,
      "red_gate_message": "\u274c Test execution failed: ",
      "green_gate_message": "",
      "god_gate_message": "",
      "baseline_passing": 0,
      "after_patch_passing": 0,
      "regressions": 0,
      "new_fixes": 0,
      "duration_ms": 2465,
      "error": "Red Gate failed: \u274c Test execution failed: "
    },
    {
      "instance_id": "django__django-11039",
      "verified": false,
      "patch": null,
      "certificate": null,
      "red_gate_message": "\u274c Test execution failed: ",
      "green_gate_message": "",
      "god_gate_message": "",
      "baseline_passing": 0,
      "after_patch_passing": 0,
      "regressions": 0,
      "new_fixes": 0,
      "duration_ms": 2510,
      "error": "Red Gate failed: \u274c Test execution failed: "
    },
    {
      "instance_id": "django__django-11049",
      "verified": false,
      "patch": null,
      "certificate": null,
      "red_gate_message": "\u274c Test execution failed: ",
      "green_gate_message": "",
      "god_gate_message": "",
      "baseline_passing": 0,
      "after_patch_passing": 0,
      "regressions": 0,
      "new_fixes": 0,
      "duration_ms": 2504,
      "error": "Red Gate failed: \u274c Test execution failed: "
    },
    {
      "instance_id": "django__django-11099",
      "verified": false,
      "patch": null,
      "certificate": null,
      "red_gate_message": "\u274c Test execution failed: ",
      "green_gate_message": "",
      "god_gate_message": "",
      "baseline_passing": 0,
      "after_patch_passing": 0,
      "regressions": 0,
      "new_fixes": 0,
      "duration_ms": 2558,
      "error": "Red Gate failed: \u274c Test execution failed: "
    },
    {
      "instance_id": "django__django-11133",
      "verified": false,
      "patch": null,
      "certificate": null,
      "red_gate_message": "\u274c Test execution failed: ",
      "green_gate_message": "",
      "god_gate_message": "",
      "baseline_passing": 0,
      "after_patch_passing": 0,
      "regressions": 0,
      "new_fixes": 0,
      "duration_ms": 2395,
      "error": "Red Gate failed: \u274c Test execution failed: "
    },
    {
      "instance_id": "django__django-11179",
      "verified": false,
      "patch": null,
      "certificate": null,
      "red_gate_message": "\u274c Test execution failed: ",
      "green_gate_message": "",
      "god_gate_message": "",
      "baseline_passing": 0,
      "after_patch_passing": 0,
      "regressions": 0,
      "new_fixes": 0,
      "duration_ms": 2426,
      "error": "Red Gate failed: \u274c Test execution failed: "
    },
    {
      "instance_id": "django__django-11283",
      "verified": false,
      "patch": null,
      "certificate": null,
      "red_gate_message": "\u274c Test execution failed: ",
      "green_gate_message": "",
      "god_gate_message": "",
      "baseline_passing": 0,
      "after_patch_passing": 0,
      "regressions": 0,
      "new_fixes": 0,
      "duration_ms": 2448,
      "error": "Red Gate failed: \u274c Test execution failed: "
    },
    {
      "instance_id": "django__django-11422",
      "verified": false,
      "patch": null,
      "certificate": null,
      "red_gate_message": "\u274c Test execution failed: ",
      "green_gate_message": "",
      "god_gate_message": "",
      "baseline_passing": 0,
      "after_patch_passing": 0,
      "regressions": 0,
      "new_fixes": 0,
      "duration_ms": 2437,
      "error": "Red Gate failed: \u274c Test execution failed: "
    },
    {
      "instance_id": "django__django-11564",
      "verified": false,
      "patch": null,
      "certificate": null,
      "red_gate_message": "\u274c Test execution failed: ",
      "green_gate_message": "",
      "god_gate_message": "",
      "baseline_passing": 0,
      "after_patch_passing": 0,
      "regressions": 0,
      "new_fixes": 0,
      "duration_ms": 2459,
      "error": "Red Gate failed: \u274c Test execution failed: "
    },
    {
      "instance_id": "django__django-11583",
      "verified": false,
      "patch": null,
      "certificate": null,
      "red_gate_message": "\u274c Test execution failed: ",
      "green_gate_message": "",
      "god_gate_message": "",
      "baseline_passing": 0,
      "after_patch_passing": 0,
      "regressions": 0,
      "new_fixes": 0,
      "duration_ms": 2482,
      "error": "Red Gate failed: \u274c Test execution failed: "
    },
    {
      "instance_id": "django__django-11620",
      "verified": false,
      "patch": null,
      "certificate": null,
      "red_gate_message": "\u274c Test execution failed: ",
      "green_gate_message": "",
      "god_gate_message": "",
      "baseline_passing": 0,
      "after_patch_passing": 0,
      "regressions": 0,
      "new_fixes": 0,
      "duration_ms": 2444,
      "error": "Red Gate failed: \u274c Test execution failed: "
    },
    {
      "instance_id": "django__django-11630",
      "verified": false,
      "patch": null,
      "certificate": null,
      "red_gate_message": "\u274c Test execution failed: ",
      "green_gate_message": "",
      "god_gate_message": "",
      "baseline_passing": 0,
      "after_patch_passing": 0,
      "regressions": 0,
      "new_fixes": 0,
      "duration_ms": 2503,
      "error": "Red Gate failed: \u274c Test execution failed: "
    },
    {
      "instance_id": "django__django-11742",
      "verified": false,
      "patch": null,
      "certificate": null,
      "red_gate_message": "\u274c Test execution failed: ",
      "green_gate_message": "",
      "god_gate_message": "",
      "baseline_passing": 0,
      "after_patch_passing": 0,
      "regressions": 0,
      "new_fixes": 0,
      "duration_ms": 2478,
      "error": "Red Gate failed: \u274c Test execution failed: "
    },
    {
      "instance_id": "django__django-11797",
      "verified": false,
      "patch": null,
      "certificate": null,
      "red_gate_message": "\u274c Test execution failed: ",
      "green_gate_message": "",
      "god_gate_message": "",
      "baseline_passing": 0,
      "after_patch_passing": 0,
      "regressions": 0,
      "new_fixes": 0,
      "duration_ms": 2512,
      "error": "Red Gate failed: \u274c Test execution failed: "
    },
    {
      "instance_id": "django__django-11815",
      "verified": false,
      "patch": null,
      "certificate": null,
      "red_gate_message": "\u274c Test execution failed: ",
      "green_gate_message": "",
      "god_gate_message": "",
      "baseline_passing": 0,
      "after_patch_passing": 0,
      "regressions": 0,
      "new_fixes": 0,
      "duration_ms": 7632,
      "error": "Red Gate failed: \u274c Test execution failed: "
    },
    {
      "instance_id": "django__django-11848",
      "verified": false,
      "patch": null,
      "certificate": null,
      "red_gate_message": "\u274c Test execution failed: ",
      "green_gate_message": "",
      "god_gate_message": "",
      "baseline_passing": 0,
      "after_patch_passing": 0,
      "regressions": 0,
      "new_fixes": 0,
      "duration_ms": 2705,
      "error": "Red Gate failed: \u274c Test execution failed: "
    },
    {
      "instance_id": "django__django-11905",
      "verified": false,
      "patch": null,
      "certificate": null,
      "red_gate_message": "\u274c Test execution failed: ",
      "green_gate_message": "",
      "god_gate_message": "",
      "baseline_passing": 0,
      "after_patch_passing": 0,
      "regressions": 0,
      "new_fixes": 0,
      "duration_ms": 2659,
      "error": "Red Gate failed: \u274c Test execution failed: "
    },
    {
      "instance_id": "django__django-11910",
      "verified": false,
      "patch": null,
      "certificate": null,
      "red_gate_message": "\u274c Test execution failed: ",
      "green_gate_message": "",
      "god_gate_message": "",
      "baseline_passing": 0,
      "after_patch_passing": 0,
      "regressions": 0,
      "new_fixes": 0,
      "duration_ms": 2438,
      "error": "Red Gate failed: \u274c Test execution failed: "
    },
    {
      "instance_id": "django__django-11964",
      "verified": false,
      "patch": null,
      "certificate": null,
      "red_gate_message": "\u274c Test execution failed: ",
      "green_gate_message": "",
      "god_gate_message": "",
      "baseline_passing": 0,
      "after_patch_passing": 0,
      "regressions": 0,
      "new_fixes": 0,
      "duration_ms": 2490,
      "error": "Red Gate failed: \u274c Test execution failed: "
    },
    {
      "instance_id": "django__django-11999",
      "verified": false,
      "patch": null,
      "certificate": null,
      "red_gate_message": "\u274c Test execution failed: ",
      "green_gate_message": "",
      "god_gate_message": "",
      "baseline_passing": 0,
      "after_patch_passing": 0,
      "regressions": 0,
      "new_fixes": 0,
      "duration_ms": 2487,
      "error": "Red Gate failed: \u274c Test execution failed: "
    },
    {
      "instance_id": "django__django-12113",
      "verified": false,
      "patch": null,
      "certificate": null,
      "red_gate_message": "\u274c Test execution failed: ",
      "green_gate_message": "",
      "god_gate_message": "",
      "baseline_passing": 0,
      "after_patch_passing": 0,
      "regressions": 0,
      "new_fixes": 0,
      "duration_ms": 2396,
      "error": "Red Gate failed: \u274c Test execution failed: "
    },
    {
      "instance_id": "django__django-12125",
      "verified": false,
      "patch": null,
      "certificate": null,
      "red_gate_message": "\u274c Test execution failed: ",
      "green_gate_message": "",
      "god_gate_message": "",
      "baseline_passing": 0,
      "after_patch_passing": 0,
      "regressions": 0,
      "new_fixes": 0,
      "duration_ms": 2439,
      "error": "Red Gate failed: \u274c Test execution failed: "
    },
    {
      "instance_id": "django__django-12184",
      "verified": false,
      "patch": null,
      "certificate": null,
      "red_gate_message": "\u274c Test execution failed: ",
      "green_gate_message": "",
      "god_gate_message": "",
      "baseline_passing": 0,
      "after_patch_passing": 0,
      "regressions": 0,
      "new_fixes": 0,
      "duration_ms": 2330,
      "error": "Red Gate failed: \u274c Test execution failed: "
    },
    {
      "instance_id": "django__django-12284",
      "verified": false,
      "patch": null,
      "certificate": null,
      "red_gate_message": "\u274c Test execution failed: ",
      "green_gate_message": "",
      "god_gate_message": "",
      "baseline_passing": 0,
      "after_patch_passing": 0,
      "regressions": 0,
      "new_fixes": 0,
      "duration_ms": 2498,
      "error": "Red Gate failed: \u274c Test execution failed: "
    },
    {
      "instance_id": "django__django-12286",
      "verified": false,
      "patch": null,
      "certificate": null,
      "red_gate_message": "\u274c Test execution failed: ",
      "green_gate_message": "",
      "god_gate_message": "",
      "baseline_passing": 0,
      "after_patch_passing": 0,
      "regressions": 0,
      "new_fixes": 0,
      "duration_ms": 2580,
      "error": "Red Gate failed: \u274c Test execution failed: "
    },
    {
      "instance_id": "django__django-12308",
      "verified": false,
      "patch": null,
      "certificate": null,
      "red_gate_message": "\u274c Test execution failed: ",
      "green_gate_message": "",
      "god_gate_message": "",
      "baseline_passing": 0,
      "after_patch_passing": 0,
      "regressions": 0,
      "new_fixes": 0,
      "duration_ms": 2489,
      "error": "Red Gate failed: \u274c Test execution failed: "
    },
    {
      "instance_id": "django__django-12453",
      "verified": false,
      "patch": null,
      "certificate": null,
      "red_gate_message": "\u274c Test execution failed: ",
      "green_gate_message": "",
      "god_gate_message": "",
      "baseline_passing": 0,
      "after_patch_passing": 0,
      "regressions": 0,
      "new_fixes": 0,
      "duration_ms": 2477,
      "error": "Red Gate failed: \u274c Test execution failed: "
    },
    {
      "instance_id": "django__django-12470",
      "verified": false,
      "patch": null,
      "certificate": null,
      "red_gate_message": "\u274c Test execution failed: ",
      "green_gate_message": "",
      "god_gate_message": "",
      "baseline_passing": 0,
      "after_patch_passing": 0,
      "regressions": 0,
      "new_fixes": 0,
      "duration_ms": 2471,
      "error": "Red Gate failed: \u274c Test execution failed: "
    },
    {
      "instance_id": "django__django-12497",
      "verified": false,
      "patch": null,
      "certificate": null,
      "red_gate_message": "\u274c Test execution failed: ",
      "green_gate_message": "",
      "god_gate_message": "",
      "baseline_passing": 0,
      "after_patch_passing": 0,
      "regressions": 0,
      "new_fixes": 0,
      "duration_ms": 2468,
      "error": "Red Gate failed: \u274c Test execution failed: "
    },
    {
      "instance_id": "django__django-12589",
      "verified": false,
      "patch": null,
      "certificate": null,
      "red_gate_message": "\u274c Test execution failed: ",
      "green_gate_message": "",
      "god_gate_message": "",
      "baseline_passing": 0,
      "after_patch_passing": 0,
      "regressions": 0,
      "new_fixes": 0,
      "duration_ms": 2518,
      "error": "Red Gate failed: \u274c Test execution failed: "
    },
    {
      "instance_id": "django__django-12700",
      "verified": false,
      "patch": null,
      "certificate": null,
      "red_gate_message": "\u274c Test execution failed: ",
      "green_gate_message": "",
      "god_gate_message": "",
      "baseline_passing": 0,
      "after_patch_passing": 0,
      "regressions": 0,
      "new_fixes": 0,
      "duration_ms": 2486,
      "error": "Red Gate failed: \u274c Test execution failed: "
    },
    {
      "instance_id": "django__django-12708",
      "verified": false,
      "patch": null,
      "certificate": null,
      "red_gate_message": "\u274c Test execution failed: ",
      "green_gate_message": "",
      "god_gate_message": "",
      "baseline_passing": 0,
      "after_patch_passing": 0,
      "regressions": 0,
      "new_fixes": 0,
      "duration_ms": 2467,
      "error": "Red Gate failed: \u274c Test execution failed: "
    },
    {
      "instance_id": "django__django-12747",
      "verified": false,
      "patch": null,
      "certificate": null,
      "red_gate_message": "\u274c Test execution failed: ",
      "green_gate_message": "",
      "god_gate_message": "",
      "baseline_passing": 0,
      "after_patch_passing": 0,
      "regressions": 0,
      "new_fixes": 0,
      "duration_ms": 2539,
      "error": "Red Gate failed: \u274c Test execution failed: "
    },
    {
      "instance_id": "django__django-12856",
      "verified": false,
      "patch": null,
      "certificate": null,
      "red_gate_message": "\u274c Test execution failed: ",
      "green_gate_message": "",
      "god_gate_message": "",
      "baseline_passing": 0,
      "after_patch_passing": 0,
      "regressions": 0,
      "new_fixes": 0,
      "duration_ms": 2475,
      "error": "Red Gate failed: \u274c Test execution failed: "
    },
    {
      "instance_id": "django__django-12908",
      "verified": false,
      "patch": null,
      "certificate": null,
      "red_gate_message": "\u274c Test execution failed: ",
      "green_gate_message": "",
      "god_gate_message": "",
      "baseline_passing": 0,
      "after_patch_passing": 0,
      "regressions": 0,
      "new_fixes": 0,
      "duration_ms": 2431,
      "error": "Red Gate failed: \u274c Test execution failed: "
    },
    {
      "instance_id": "django__django-12915",
      "verified": false,
      "patch": null,
      "certificate": null,
      "red_gate_message": "\u274c Test execution failed: ",
      "green_gate_message": "",
      "god_gate_message": "",
      "baseline_passing": 0,
      "after_patch_passing": 0,
      "regressions": 0,
      "new_fixes": 0,
      "duration_ms": 2406,
      "error": "Red Gate failed: \u274c Test execution failed: "
    },
    {
      "instance_id": "django__django-12983",
      "verified": false,
      "patch": null,
      "certificate": null,
      "red_gate_message": "\u274c Test execution failed: ",
      "green_gate_message": "",
      "god_gate_message": "",
      "baseline_passing": 0,
      "after_patch_passing": 0,
      "regressions": 0,
      "new_fixes": 0,
      "duration_ms": 2619,
      "error": "Red Gate failed: \u274c Test execution failed: "
    },
    {
      "instance_id": "django__django-13028",
      "verified": false,
      "patch": null,
      "certificate": null,
      "red_gate_message": "\u274c Test execution failed: ",
      "green_gate_message": "",
      "god_gate_message": "",
      "baseline_passing": 0,
      "after_patch_passing": 0,
      "regressions": 0,
      "new_fixes": 0,
      "duration_ms": 2495,
      "error": "Red Gate failed: \u274c Test execution failed: "
    },
    {
      "instance_id": "django__django-13033",
      "verified": false,
      "patch": null,
      "certificate": null,
      "red_gate_message": "\u274c Test execution failed: ",
      "green_gate_message": "",
      "god_gate_message": "",
      "baseline_passing": 0,
      "after_patch_passing": 0,
      "regressions": 0,
      "new_fixes": 0,
      "duration_ms": 12533,
      "error": "Red Gate failed: \u274c Test execution failed: "
    },
    {
      "instance_id": "django__django-13158",
      "verified": false,
      "patch": null,
      "certificate": null,
      "red_gate_message": "\u274c Test execution failed: ",
      "green_gate_message": "",
      "god_gate_message": "",
      "baseline_passing": 0,
      "after_patch_passing": 0,
      "regressions": 0,
      "new_fixes": 0,
      "duration_ms": 2622,
      "error": "Red Gate failed: \u274c Test execution failed: "
    },
    {
      "instance_id": "django__django-13220",
      "verified": false,
      "patch": null,
      "certificate": null,
      "red_gate_message": "\u274c Test execution failed: ",
      "green_gate_message": "",
      "god_gate_message": "",
      "baseline_passing": 0,
      "after_patch_passing": 0,
      "regressions": 0,
      "new_fixes": 0,
      "duration_ms": 2479,
      "error": "Red Gate failed: \u274c Test execution failed: "
    },
    {
      "instance_id": "django__django-13230",
      "verified": false,
      "patch": null,
      "certificate": null,
      "red_gate_message": "\u274c Test execution failed: ",
      "green_gate_message": "",
      "god_gate_message": "",
      "baseline_passing": 0,
      "after_patch_passing": 0,
      "regressions": 0,
      "new_fixes": 0,
      "duration_ms": 2466,
      "error": "Red Gate failed: \u274c Test execution failed: "
    },
    {
      "instance_id": "django__django-13265",
      "verified": false,
      "patch": null,
      "certificate": null,
      "red_gate_message": "\u274c Test execution failed: ",
      "green_gate_message": "",
      "god_gate_message": "",
      "baseline_passing": 0,
      "after_patch_passing": 0,
      "regressions": 0,
      "new_fixes": 0,
      "duration_ms": 2452,
      "error": "Red Gate failed: \u274c Test execution failed: "
    },
    {
      "instance_id": "django__django-13315",
      "verified": false,
      "patch": null,
      "certificate": null,
      "red_gate_message": "\u274c Test execution failed: ",
      "green_gate_message": "",
      "god_gate_message": "",
      "baseline_passing": 0,
      "after_patch_passing": 0,
      "regressions": 0,
      "new_fixes": 0,
      "duration_ms": 2497,
      "error": "Red Gate failed: \u274c Test execution failed: "
    },
    {
      "instance_id": "django__django-13321",
      "verified": false,
      "patch": null,
      "certificate": null,
      "red_gate_message": "\u274c Test execution failed: ",
      "green_gate_message": "",
      "god_gate_message": "",
      "baseline_passing": 0,
      "after_patch_passing": 0,
      "regressions": 0,
      "new_fixes": 0,
      "duration_ms": 2477,
      "error": "Red Gate failed: \u274c Test execution failed: "
    },
    {
      "instance_id": "django__django-13401",
      "verified": false,
      "patch": null,
      "certificate": null,
      "red_gate_message": "\u274c Test execution failed: ",
      "green_gate_message": "",
      "god_gate_message": "",
      "baseline_passing": 0,
      "after_patch_passing": 0,
      "regressions": 0,
      "new_fixes": 0,
      "duration_ms": 2496,
      "error": "Red Gate failed: \u274c Test execution failed: "
    },
    {
      "instance_id": "django__django-13447",
      "verified": false,
      "patch": null,
      "certificate": null,
      "red_gate_message": "\u274c Test execution failed: ",
      "green_gate_message": "",
      "god_gate_message": "",
      "baseline_passing": 0,
      "after_patch_passing": 0,
      "regressions": 0,
      "new_fixes": 0,
      "duration_ms": 2552,
      "error": "Red Gate failed: \u274c Test execution failed: "
    },
    {
      "instance_id": "django__django-13448",
      "verified": false,
      "patch": null,
      "certificate": null,
      "red_gate_message": "\u274c Test execution failed: ",
      "green_gate_message": "",
      "god_gate_message": "",
      "baseline_passing": 0,
      "after_patch_passing": 0,
      "regressions": 0,
      "new_fixes": 0,
      "duration_ms": 2495,
      "error": "Red Gate failed: \u274c Test execution failed: "
    },
    {
      "instance_id": "django__django-13551",
      "verified": false,
      "patch": null,
      "certificate": null,
      "red_gate_message": "\u274c Test execution failed: ",
      "green_gate_message": "",
      "god_gate_message": "",
      "baseline_passing": 0,
      "after_patch_passing": 0,
      "regressions": 0,
      "new_fixes": 0,
      "duration_ms": 2582,
      "error": "Red Gate failed: \u274c Test execution failed: "
    },
    {
      "instance_id": "django__django-13590",
      "verified": false,
      "patch": null,
      "certificate": null,
      "red_gate_message": "\u274c Test execution failed: ",
      "green_gate_message": "",
      "god_gate_message": "",
      "baseline_passing": 0,
      "after_patch_passing": 0,
      "regressions": 0,
      "new_fixes": 0,
      "duration_ms": 2495,
      "error": "Red Gate failed: \u274c Test execution failed: "
    },
    {
      "instance_id": "django__django-13658",
      "verified": false,
      "patch": null,
      "certificate": null,
      "red_gate_message": "\u274c Test execution failed: ",
      "green_gate_message": "",
      "god_gate_message": "",
      "baseline_passing": 0,
      "after_patch_passing": 0,
      "regressions": 0,
      "new_fixes": 0,
      "duration_ms": 2500,
      "error": "Red Gate failed: \u274c Test execution failed: "
    },
    {
      "instance_id": "django__django-13660",
      "verified": false,
      "patch": null,
      "certificate": null,
      "red_gate_message": "\u274c Test execution failed: ",
      "green_gate_message": "",
      "god_gate_message": "",
      "baseline_passing": 0,
      "after_patch_passing": 0,
      "regressions": 0,
      "new_fixes": 0,
      "duration_ms": 2503,
      "error": "Red Gate failed: \u274c Test execution failed: "
    },
    {
      "instance_id": "django__django-13710",
      "verified": false,
      "patch": null,
      "certificate": null,
      "red_gate_message": "\u274c Test execution failed: ",
      "green_gate_message": "",
      "god_gate_message": "",
      "baseline_passing": 0,
      "after_patch_passing": 0,
      "regressions": 0,
      "new_fixes": 0,
      "duration_ms": 2477,
      "error": "Red Gate failed: \u274c Test execution failed: "
    },
    {
      "instance_id": "django__django-13757",
      "verified": false,
      "patch": null,
      "certificate": null,
      "red_gate_message": "\u274c Test execution failed: ",
      "green_gate_message": "",
      "god_gate_message": "",
      "baseline_passing": 0,
      "after_patch_passing": 0,
      "regressions": 0,
      "new_fixes": 0,
      "duration_ms": 2466,
      "error": "Red Gate failed: \u274c Test execution failed: "
    },
    {
      "instance_id": "django__django-13768",
      "verified": false,
      "patch": null,
      "certificate": null,
      "red_gate_message": "\u274c Test execution failed: ",
      "green_gate_message": "",
      "god_gate_message": "",
      "baseline_passing": 0,
      "after_patch_passing": 0,
      "regressions": 0,
      "new_fixes": 0,
      "duration_ms": 2554,
      "error": "Red Gate failed: \u274c Test execution failed: "
    },
    {
      "instance_id": "django__django-13925",
      "verified": false,
      "patch": null,
      "certificate": null,
      "red_gate_message": "\u274c Test execution failed: ",
      "green_gate_message": "",
      "god_gate_message": "",
      "baseline_passing": 0,
      "after_patch_passing": 0,
      "regressions": 0,
      "new_fixes": 0,
      "duration_ms": 2487,
      "error": "Red Gate failed: \u274c Test execution failed: "
    },
    {
      "instance_id": "django__django-13933",
      "verified": false,
      "patch": null,
      "certificate": null,
      "red_gate_message": "\u274c Test execution failed: ",
      "green_gate_message": "",
      "god_gate_message": "",
      "baseline_passing": 0,
      "after_patch_passing": 0,
      "regressions": 0,
      "new_fixes": 0,
      "duration_ms": 2466,
      "error": "Red Gate failed: \u274c Test execution failed: "
    },
    {
      "instance_id": "django__django-13964",
      "verified": false,
      "patch": null,
      "certificate": null,
      "red_gate_message": "\u274c Test execution failed: ",
      "green_gate_message": "",
      "god_gate_message": "",
      "baseline_passing": 0,
      "after_patch_passing": 0,
      "regressions": 0,
      "new_fixes": 0,
      "duration_ms": 2481,
      "error": "Red Gate failed: \u274c Test execution failed: "
    },
    {
      "instance_id": "django__django-14016",
      "verified": false,
      "patch": null,
      "certificate": null,
      "red_gate_message": "\u274c Test execution failed: ",
      "green_gate_message": "",
      "god_gate_message": "",
      "baseline_passing": 0,
      "after_patch_passing": 0,
      "regressions": 0,
      "new_fixes": 0,
      "duration_ms": 2399,
      "error": "Red Gate failed: \u274c Test execution failed: "
    },
    {
      "instance_id": "django__django-14017",
      "verified": false,
      "patch": null,
      "certificate": null,
      "red_gate_message": "\u274c Test execution failed: ",
      "green_gate_message": "",
      "god_gate_message": "",
      "baseline_passing": 0,
      "after_patch_passing": 0,
      "regressions": 0,
      "new_fixes": 0,
      "duration_ms": 2517,
      "error": "Red Gate failed: \u274c Test execution failed: "
    },
    {
      "instance_id": "django__django-14155",
      "verified": false,
      "patch": null,
      "certificate": null,
      "red_gate_message": "\u274c Test execution failed: ",
      "green_gate_message": "",
      "god_gate_message": "",
      "baseline_passing": 0,
      "after_patch_passing": 0,
      "regressions": 0,
      "new_fixes": 0,
      "duration_ms": 2436,
      "error": "Red Gate failed: \u274c Test execution failed: "
    },
    {
      "instance_id": "django__django-14238",
      "verified": false,
      "patch": null,
      "certificate": null,
      "red_gate_message": "\u274c Test execution failed: ",
      "green_gate_message": "",
      "god_gate_message": "",
      "baseline_passing": 0,
      "after_patch_passing": 0,
      "regressions": 0,
      "new_fixes": 0,
      "duration_ms": 2437,
      "error": "Red Gate failed: \u274c Test execution failed: "
    },
    {
      "instance_id": "django__django-14382",
      "verified": false,
      "patch": null,
      "certificate": null,
      "red_gate_message": "\u274c Test execution failed: ",
      "green_gate_message": "",
      "god_gate_message": "",
      "baseline_passing": 0,
      "after_patch_passing": 0,
      "regressions": 0,
      "new_fixes": 0,
      "duration_ms": 2572,
      "error": "Red Gate failed: \u274c Test execution failed: "
    },
    {
      "instance_id": "django__django-14411",
      "verified": false,
      "patch": null,
      "certificate": null,
      "red_gate_message": "\u274c Test execution failed: ",
      "green_gate_message": "",
      "god_gate_message": "",
      "baseline_passing": 0,
      "after_patch_passing": 0,
      "regressions": 0,
      "new_fixes": 0,
      "duration_ms": 2565,
      "error": "Red Gate failed: \u274c Test execution failed: "
    },
    {
      "instance_id": "django__django-14534",
      "verified": false,
      "patch": null,
      "certificate": null,
      "red_gate_message": "\u274c Test execution failed: ",
      "green_gate_message": "",
      "god_gate_message": "",
      "baseline_passing": 0,
      "after_patch_passing": 0,
      "regressions": 0,
      "new_fixes": 0,
      "duration_ms": 2492,
      "error": "Red Gate failed: \u274c Test execution failed: "
    },
    {
      "instance_id": "django__django-14580",
      "verified": false,
      "patch": null,
      "certificate": null,
      "red_gate_message": "\u274c Test execution failed: ",
      "green_gate_message": "",
      "god_gate_message": "",
      "baseline_passing": 0,
      "after_patch_passing": 0,
      "regressions": 0,
      "new_fixes": 0,
      "duration_ms": 2495,
      "error": "Red Gate failed: \u274c Test execution failed: "
    },
    {
      "instance_id": "django__django-14608",
      "verified": false,
      "patch": null,
      "certificate": null,
      "red_gate_message": "\u274c Test execution failed: ",
      "green_gate_message": "",
      "god_gate_message": "",
      "baseline_passing": 0,
      "after_patch_passing": 0,
      "regressions": 0,
      "new_fixes": 0,
      "duration_ms": 2451,
      "error": "Red Gate failed: \u274c Test execution failed: "
    },
    {
      "instance_id": "django__django-14667",
      "verified": false,
      "patch": null,
      "certificate": null,
      "red_gate_message": "\u274c Test execution failed: ",
      "green_gate_message": "",
      "god_gate_message": "",
      "baseline_passing": 0,
      "after_patch_passing": 0,
      "regressions": 0,
      "new_fixes": 0,
      "duration_ms": 2426,
      "error": "Red Gate failed: \u274c Test execution failed: "
    },
    {
      "instance_id": "django__django-14672",
      "verified": false,
      "patch": null,
      "certificate": null,
      "red_gate_message": "\u274c Test execution failed: ",
      "green_gate_message": "",
      "god_gate_message": "",
      "baseline_passing": 0,
      "after_patch_passing": 0,
      "regressions": 0,
      "new_fixes": 0,
      "duration_ms": 2535,
      "error": "Red Gate failed: \u274c Test execution failed: "
    },
    {
      "instance_id": "django__django-14730",
      "verified": false,
      "patch": null,
      "certificate": null,
      "red_gate_message": "\u274c Test execution failed: ",
      "green_gate_message": "",
      "god_gate_message": "",
      "baseline_passing": 0,
      "after_patch_passing": 0,
      "regressions": 0,
      "new_fixes": 0,
      "duration_ms": 2572,
      "error": "Red Gate failed: \u274c Test execution failed: "
    },
    {
      "instance_id": "django__django-14752",
      "verified": false,
      "patch": null,
      "certificate": null,
      "red_gate_message": "\u274c Test execution failed: ",
      "green_gate_message": "",
      "god_gate_message": "",
      "baseline_passing": 0,
      "after_patch_passing": 0,
      "regressions": 0,
      "new_fixes": 0,
      "duration_ms": 2462,
      "error": "Red Gate failed: \u274c Test execution failed: "
    },
    {
      "instance_id": "django__django-14787",
      "verified": false,
      "patch": null,
      "certificate": null,
      "red_gate_message": "\u274c Test execution failed: ",
      "green_gate_message": "",
      "god_gate_message": "",
      "baseline_passing": 0,
      "after_patch_passing": 0,
      "regressions": 0,
      "new_fixes": 0,
      "duration_ms": 2388,
      "error": "Red Gate failed: \u274c Test execution failed: "
    },
    {
      "instance_id": "django__django-14855",
      "verified": false,
      "patch": null,
      "certificate": null,
      "red_gate_message": "\u274c Test execution failed: ",
      "green_gate_message": "",
      "god_gate_message": "",
      "baseline_passing": 0,
      "after_patch_passing": 0,
      "regressions": 0,
      "new_fixes": 0,
      "duration_ms": 2546,
      "error": "Red Gate failed: \u274c Test execution failed: "
    },
    {
      "instance_id": "django__django-14915",
      "verified": false,
      "patch": null,
      "certificate": null,
      "red_gate_message": "\u274c Test execution failed: ",
      "green_gate_message": "",
      "god_gate_message": "",
      "baseline_passing": 0,
      "after_patch_passing": 0,
      "regressions": 0,
      "new_fixes": 0,
      "duration_ms": 2446,
      "error": "Red Gate failed: \u274c Test execution failed: "
    },
    {
      "instance_id": "django__django-14997",
      "verified": false,
      "patch": null,
      "certificate": null,
      "red_gate_message": "\u274c Test execution failed: ",
      "green_gate_message": "",
      "god_gate_message": "",
      "baseline_passing": 0,
      "after_patch_passing": 0,
      "regressions": 0,
      "new_fixes": 0,
      "duration_ms": 2544,
      "error": "Red Gate failed: \u274c Test execution failed: "
    },
    {
      "instance_id": "django__django-14999",
      "verified": false,
      "patch": null,
      "certificate": null,
      "red_gate_message": "\u274c Test execution failed: ",
      "green_gate_message": "",
      "god_gate_message": "",
      "baseline_passing": 0,
      "after_patch_passing": 0,
      "regressions": 0,
      "new_fixes": 0,
      "duration_ms": 2385,
      "error": "Red Gate failed: \u274c Test execution failed: "
    },
    {
      "instance_id": "django__django-15061",
      "verified": false,
      "patch": null,
      "certificate": null,
      "red_gate_message": "\u274c Test execution failed: ",
      "green_gate_message": "",
      "god_gate_message": "",
      "baseline_passing": 0,
      "after_patch_passing": 0,
      "regressions": 0,
      "new_fixes": 0,
      "duration_ms": 2604,
      "error": "Red Gate failed: \u274c Test execution failed: "
    },
    {
      "instance_id": "django__django-15202",
      "verified": false,
      "patch": null,
      "certificate": null,
      "red_gate_message": "\u274c Test execution failed: ",
      "green_gate_message": "",
      "god_gate_message": "",
      "baseline_passing": 0,
      "after_patch_passing": 0,
      "regressions": 0,
      "new_fixes": 0,
      "duration_ms": 2678,
      "error": "Red Gate failed: \u274c Test execution failed: "
    },
    {
      "instance_id": "django__django-15213",
      "verified": false,
      "patch": null,
      "certificate": null,
      "red_gate_message": "\u274c Test execution failed: ",
      "green_gate_message": "",
      "god_gate_message": "",
      "baseline_passing": 0,
      "after_patch_passing": 0,
      "regressions": 0,
      "new_fixes": 0,
      "duration_ms": 2457,
      "error": "Red Gate failed: \u274c Test execution failed: "
    },
    {
      "instance_id": "django__django-15252",
      "verified": false,
      "patch": null,
      "certificate": null,
      "red_gate_message": "\u274c Test execution failed: ",
      "green_gate_message": "",
      "god_gate_message": "",
      "baseline_passing": 0,
      "after_patch_passing": 0,
      "regressions": 0,
      "new_fixes": 0,
      "duration_ms": 2501,
      "error": "Red Gate failed: \u274c Test execution failed: "
    },
    {
      "instance_id": "django__django-15320",
      "verified": false,
      "patch": null,
      "certificate": null,
      "red_gate_message": "\u274c Test execution failed: ",
      "green_gate_message": "",
      "god_gate_message": "",
      "baseline_passing": 0,
      "after_patch_passing": 0,
      "regressions": 0,
      "new_fixes": 0,
      "duration_ms": 2431,
      "error": "Red Gate failed: \u274c Test execution failed: "
    },
    {
      "instance_id": "django__django-15347",
      "verified": false,
      "patch": null,
      "certificate": null,
      "red_gate_message": "\u274c Test execution failed: ",
      "green_gate_message": "",
      "god_gate_message": "",
      "baseline_passing": 0,
      "after_patch_passing": 0,
      "regressions": 0,
      "new_fixes": 0,
      "duration_ms": 2460,
      "error": "Red Gate failed: \u274c Test execution failed: "
    },
    {
      "instance_id": "django__django-15388",
      "verified": false,
      "patch": null,
      "certificate": null,
      "red_gate_message": "\u274c Test execution failed: ",
      "green_gate_message": "",
      "god_gate_message": "",
      "baseline_passing": 0,
      "after_patch_passing": 0,
      "regressions": 0,
      "new_fixes": 0,
      "duration_ms": 2777,
      "error": "Red Gate failed: \u274c Test execution failed: "
    },
    {
      "instance_id": "django__django-15400",
      "verified": false,
      "patch": null,
      "certificate": null,
      "red_gate_message": "\u274c Test execution failed: ",
      "green_gate_message": "",
      "god_gate_message": "",
      "baseline_passing": 0,
      "after_patch_passing": 0,
      "regressions": 0,
      "new_fixes": 0,
      "duration_ms": 2436,
      "error": "Red Gate failed: \u274c Test execution failed: "
    },
    {
      "instance_id": "django__django-15498",
      "verified": false,
      "patch": null,
      "certificate": null,
      "red_gate_message": "\u274c Test execution failed: ",
      "green_gate_message": "",
      "god_gate_message": "",
      "baseline_passing": 0,
      "after_patch_passing": 0,
      "regressions": 0,
      "new_fixes": 0,
      "duration_ms": 2431,
      "error": "Red Gate failed: \u274c Test execution failed: "
    },
    {
      "instance_id": "django__django-15695",
      "verified": false,
      "patch": null,
      "certificate": null,
      "red_gate_message": "\u274c Test execution failed: ",
      "green_gate_message": "",
      "god_gate_message": "",
      "baseline_passing": 0,
      "after_patch_passing": 0,
      "regressions": 0,
      "new_fixes": 0,
      "duration_ms": 2434,
      "error": "Red Gate failed: \u274c Test execution failed: "
    },
    {
      "instance_id": "django__django-15738",
      "verified": false,
      "patch": null,
      "certificate": null,
      "red_gate_message": "\u274c Test execution failed: ",
      "green_gate_message": "",
      "god_gate_message": "",
      "baseline_passing": 0,
      "after_patch_passing": 0,
      "regressions": 0,
      "new_fixes": 0,
      "duration_ms": 2447,
      "error": "Red Gate failed: \u274c Test execution failed: "
    },
    {
      "instance_id": "django__django-15781",
      "verified": false,
      "patch": null,
      "certificate": null,
      "red_gate_message": "\u274c Test execution failed: ",
      "green_gate_message": "",
      "god_gate_message": "",
      "baseline_passing": 0,
      "after_patch_passing": 0,
      "regressions": 0,
      "new_fixes": 0,
      "duration_ms": 2600,
      "error": "Red Gate failed: \u274c Test execution failed: "
    },
    {
      "instance_id": "django__django-15789",
      "verified": false,
      "patch": null,
      "certificate": null,
      "red_gate_message": "\u274c Test execution failed: ",
      "green_gate_message": "",
      "god_gate_message": "",
      "baseline_passing": 0,
      "after_patch_passing": 0,
      "regressions": 0,
      "new_fixes": 0,
      "duration_ms": 2475,
      "error": "Red Gate failed: \u274c Test execution failed: "
    },
    {
      "instance_id": "django__django-15790",
      "verified": false,
      "patch": null,
      "certificate": null,
      "red_gate_message": "\u274c Test execution failed: ",
      "green_gate_message": "",
      "god_gate_message": "",
      "baseline_passing": 0,
      "after_patch_passing": 0,
      "regressions": 0,
      "new_fixes": 0,
      "duration_ms": 2448,
      "error": "Red Gate failed: \u274c Test execution failed: "
    },
    {
      "instance_id": "django__django-15814",
      "verified": false,
      "patch": null,
      "certificate": null,
      "red_gate_message": "\u274c Test execution failed: ",
      "green_gate_message": "",
      "god_gate_message": "",
      "baseline_passing": 0,
      "after_patch_passing": 0,
      "regressions": 0,
      "new_fixes": 0,
      "duration_ms": 2421,
      "error": "Red Gate failed: \u274c Test execution failed: "
    },
    {
      "instance_id": "django__django-15819",
      "verified": false,
      "patch": null,
      "certificate": null,
      "red_gate_message": "\u274c Test execution failed: ",
      "green_gate_message": "",
      "god_gate_message": "",
      "baseline_passing": 0,
      "after_patch_passing": 0,
      "regressions": 0,
      "new_fixes": 0,
      "duration_ms": 2324,
      "error": "Red Gate failed: \u274c Test execution failed: "
    },
    {
      "instance_id": "django__django-15851",
      "verified": false,
      "patch": null,
      "certificate": null,
      "red_gate_message": "\u274c Test execution failed: ",
      "green_gate_message": "",
      "god_gate_message": "",
      "baseline_passing": 0,
      "after_patch_passing": 0,
      "regressions": 0,
      "new_fixes": 0,
      "duration_ms": 2629,
      "error": "Red Gate failed: \u274c Test execution failed: "
    },
    {
      "instance_id": "django__django-15902",
      "verified": false,
      "patch": null,
      "certificate": null,
      "red_gate_message": "\u274c Test execution failed: ",
      "green_gate_message": "",
      "god_gate_message": "",
      "baseline_passing": 0,
      "after_patch_passing": 0,
      "regressions": 0,
      "new_fixes": 0,
      "duration_ms": 2414,
      "error": "Red Gate failed: \u274c Test execution failed: "
    },
    {
      "instance_id": "django__django-15996",
      "verified": false,
      "patch": null,
      "certificate": null,
      "red_gate_message": "\u274c Test execution failed: ",
      "green_gate_message": "",
      "god_gate_message": "",
      "baseline_passing": 0,
      "after_patch_passing": 0,
      "regressions": 0,
      "new_fixes": 0,
      "duration_ms": 2460,
      "error": "Red Gate failed: \u274c Test execution failed: "
    },
    {
      "instance_id": "django__django-16041",
      "verified": false,
      "patch": null,
      "certificate": null,
      "red_gate_message": "\u274c Test execution failed: ",
      "green_gate_message": "",
      "god_gate_message": "",
      "baseline_passing": 0,
      "after_patch_passing": 0,
      "regressions": 0,
      "new_fixes": 0,
      "duration_ms": 2336,
      "error": "Red Gate failed: \u274c Test execution failed: "
    },
    {
      "instance_id": "django__django-16046",
      "verified": false,
      "patch": null,
      "certificate": null,
      "red_gate_message": "\u274c Test execution failed: ",
      "green_gate_message": "",
      "god_gate_message": "",
      "baseline_passing": 0,
      "after_patch_passing": 0,
      "regressions": 0,
      "new_fixes": 0,
      "duration_ms": 2424,
      "error": "Red Gate failed: \u274c Test execution failed: "
    },
    {
      "instance_id": "django__django-16139",
      "verified": false,
      "patch": null,
      "certificate": null,
      "red_gate_message": "\u274c Test execution failed: ",
      "green_gate_message": "",
      "god_gate_message": "",
      "baseline_passing": 0,
      "after_patch_passing": 0,
      "regressions": 0,
      "new_fixes": 0,
      "duration_ms": 2430,
      "error": "Red Gate failed: \u274c Test execution failed: "
    },
    {
      "instance_id": "django__django-16229",
      "verified": false,
      "patch": null,
      "certificate": null,
      "red_gate_message": "\u274c Test execution failed: ",
      "green_gate_message": "",
      "god_gate_message": "",
      "baseline_passing": 0,
      "after_patch_passing": 0,
      "regressions": 0,
      "new_fixes": 0,
      "duration_ms": 2405,
      "error": "Red Gate failed: \u274c Test execution failed: "
    },
    {
      "instance_id": "django__django-16255",
      "verified": false,
      "patch": null,
      "certificate": null,
      "red_gate_message": "\u274c Test execution failed: ",
      "green_gate_message": "",
      "god_gate_message": "",
      "baseline_passing": 0,
      "after_patch_passing": 0,
      "regressions": 0,
      "new_fixes": 0,
      "duration_ms": 2486,
      "error": "Red Gate failed: \u274c Test execution failed: "
    },
    {
      "instance_id": "django__django-16379",
      "verified": false,
      "patch": null,
      "certificate": null,
      "red_gate_message": "\u274c Test execution failed: ",
      "green_gate_message": "",
      "god_gate_message": "",
      "baseline_passing": 0,
      "after_patch_passing": 0,
      "regressions": 0,
      "new_fixes": 0,
      "duration_ms": 2305,
      "error": "Red Gate failed: \u274c Test execution failed: "
    },
    {
      "instance_id": "django__django-16400",
      "verified": false,
      "patch": null,
      "certificate": null,
      "red_gate_message": "\u274c Test execution failed: ",
      "green_gate_message": "",
      "god_gate_message": "",
      "baseline_passing": 0,
      "after_patch_passing": 0,
      "regressions": 0,
      "new_fixes": 0,
      "duration_ms": 2416,
      "error": "Red Gate failed: \u274c Test execution failed: "
    },
    {
      "instance_id": "django__django-16408",
      "verified": false,
      "patch": null,
      "certificate": null,
      "red_gate_message": "\u274c Test execution failed: ",
      "green_gate_message": "",
      "god_gate_message": "",
      "baseline_passing": 0,
      "after_patch_passing": 0,
      "regressions": 0,
      "new_fixes": 0,
      "duration_ms": 2497,
      "error": "Red Gate failed: \u274c Test execution failed: "
    },
    {
      "instance_id": "django__django-16527",
      "verified": false,
      "patch": null,
      "certificate": null,
      "red_gate_message": "\u274c Test execution failed: ",
      "green_gate_message": "",
      "god_gate_message": "",
      "baseline_passing": 0,
      "after_patch_passing": 0,
      "regressions": 0,
      "new_fixes": 0,
      "duration_ms": 2535,
      "error": "Red Gate failed: \u274c Test execution failed: "
    },
    {
      "instance_id": "django__django-16595",
      "verified": false,
      "patch": null,
      "certificate": null,
      "red_gate_message": "\u274c Test execution failed: ",
      "green_gate_message": "",
      "god_gate_message": "",
      "baseline_passing": 0,
      "after_patch_passing": 0,
      "regressions": 0,
      "new_fixes": 0,
      "duration_ms": 2427,
      "error": "Red Gate failed: \u274c Test execution failed: "
    },
    {
      "instance_id": "django__django-16816",
      "verified": false,
      "patch": null,
      "certificate": null,
      "red_gate_message": "\u274c Test execution failed: ",
      "green_gate_message": "",
      "god_gate_message": "",
      "baseline_passing": 0,
      "after_patch_passing": 0,
      "regressions": 0,
      "new_fixes": 0,
      "duration_ms": 2505,
      "error": "Red Gate failed: \u274c Test execution failed: "
    },
    {
      "instance_id": "django__django-16820",
      "verified": false,
      "patch": null,
      "certificate": null,
      "red_gate_message": "\u274c Test execution failed: ",
      "green_gate_message": "",
      "god_gate_message": "",
      "baseline_passing": 0,
      "after_patch_passing": 0,
      "regressions": 0,
      "new_fixes": 0,
      "duration_ms": 2449,
      "error": "Red Gate failed: \u274c Test execution failed: "
    },
    {
      "instance_id": "django__django-16873",
      "verified": false,
      "patch": null,
      "certificate": null,
      "red_gate_message": "\u274c Test execution failed: ",
      "green_gate_message": "",
      "god_gate_message": "",
      "baseline_passing": 0,
      "after_patch_passing": 0,
      "regressions": 0,
      "new_fixes": 0,
      "duration_ms": 2495,
      "error": "Red Gate failed: \u274c Test execution failed: "
    },
    {
      "instance_id": "django__django-16910",
      "verified": false,
      "patch": null,
      "certificate": null,
      "red_gate_message": "\u274c Test execution failed: ",
      "green_gate_message": "",
      "god_gate_message": "",
      "baseline_passing": 0,
      "after_patch_passing": 0,
      "regressions": 0,
      "new_fixes": 0,
      "duration_ms": 2459,
      "error": "Red Gate failed: \u274c Test execution failed: "
    },
    {
      "instance_id": "django__django-17051",
      "verified": false,
      "patch": null,
      "certificate": null,
      "red_gate_message": "\u274c Test execution failed: ",
      "green_gate_message": "",
      "god_gate_message": "",
      "baseline_passing": 0,
      "after_patch_passing": 0,
      "regressions": 0,
      "new_fixes": 0,
      "duration_ms": 2479,
      "error": "Red Gate failed: \u274c Test execution failed: "
    },
    {
      "instance_id": "django__django-17087",
      "verified": false,
      "patch": null,
      "certificate": null,
      "red_gate_message": "\u274c Test execution failed: ",
      "green_gate_message": "",
      "god_gate_message": "",
      "baseline_passing": 0,
      "after_patch_passing": 0,
      "regressions": 0,
      "new_fixes": 0,
      "duration_ms": 2469,
      "error": "Red Gate failed: \u274c Test execution failed: "
    },
    {
      "instance_id": "matplotlib__matplotlib-18869",
      "verified": false,
      "patch": null,
      "certificate": null,
      "red_gate_message": "\u274c Test execution failed: ",
      "green_gate_message": "",
      "god_gate_message": "",
      "baseline_passing": 0,
      "after_patch_passing": 0,
      "regressions": 0,
      "new_fixes": 0,
      "duration_ms": 26466,
      "error": "Red Gate failed: \u274c Test execution failed: "
    },
    {
      "instance_id": "matplotlib__matplotlib-22711",
      "verified": false,
      "patch": null,
      "certificate": null,
      "red_gate_message": "\u274c Test execution failed: ",
      "green_gate_message": "",
      "god_gate_message": "",
      "baseline_passing": 0,
      "after_patch_passing": 0,
      "regressions": 0,
      "new_fixes": 0,
      "duration_ms": 2013,
      "error": "Red Gate failed: \u274c Test execution failed: "
    },
    {
      "instance_id": "matplotlib__matplotlib-22835",
      "verified": false,
      "patch": null,
      "certificate": null,
      "red_gate_message": "\u274c Test execution failed: ",
      "green_gate_message": "",
      "god_gate_message": "",
      "baseline_passing": 0,
      "after_patch_passing": 0,
      "regressions": 0,
      "new_fixes": 0,
      "duration_ms": 1884,
      "error": "Red Gate failed: \u274c Test execution failed: "
    },
    {
      "instance_id": "matplotlib__matplotlib-23299",
      "verified": false,
      "patch": null,
      "certificate": null,
      "red_gate_message": "\u274c Test execution failed: ",
      "green_gate_message": "",
      "god_gate_message": "",
      "baseline_passing": 0,
      "after_patch_passing": 0,
      "regressions": 0,
      "new_fixes": 0,
      "duration_ms": 1927,
      "error": "Red Gate failed: \u274c Test execution failed: "
    },
    {
      "instance_id": "matplotlib__matplotlib-23314",
      "verified": false,
      "patch": null,
      "certificate": null,
      "red_gate_message": "\u274c Test execution failed: ",
      "green_gate_message": "",
      "god_gate_message": "",
      "baseline_passing": 0,
      "after_patch_passing": 0,
      "regressions": 0,
      "new_fixes": 0,
      "duration_ms": 2108,
      "error": "Red Gate failed: \u274c Test execution failed: "
    },
    {
      "instance_id": "matplotlib__matplotlib-23476",
      "verified": false,
      "patch": null,
      "certificate": null,
      "red_gate_message": "\u274c Test execution failed: ",
      "green_gate_message": "",
      "god_gate_message": "",
      "baseline_passing": 0,
      "after_patch_passing": 0,
      "regressions": 0,
      "new_fixes": 0,
      "duration_ms": 2000,
      "error": "Red Gate failed: \u274c Test execution failed: "
    },
    {
      "instance_id": "matplotlib__matplotlib-23562",
      "verified": false,
      "patch": null,
      "certificate": null,
      "red_gate_message": "\u274c Test execution failed: ",
      "green_gate_message": "",
      "god_gate_message": "",
      "baseline_passing": 0,
      "after_patch_passing": 0,
      "regressions": 0,
      "new_fixes": 0,
      "duration_ms": 2092,
      "error": "Red Gate failed: \u274c Test execution failed: "
    },
    {
      "instance_id": "matplotlib__matplotlib-23563",
      "verified": false,
      "patch": null,
      "certificate": null,
      "red_gate_message": "\u274c Test execution failed: ",
      "green_gate_message": "",
      "god_gate_message": "",
      "baseline_passing": 0,
      "after_patch_passing": 0,
      "regressions": 0,
      "new_fixes": 0,
      "duration_ms": 1978,
      "error": "Red Gate failed: \u274c Test execution failed: "
    },
    {
      "instance_id": "matplotlib__matplotlib-23913",
      "verified": false,
      "patch": null,
      "certificate": null,
      "red_gate_message": "\u274c Test execution failed: ",
      "green_gate_message": "",
      "god_gate_message": "",
      "baseline_passing": 0,
      "after_patch_passing": 0,
      "regressions": 0,
      "new_fixes": 0,
      "duration_ms": 1929,
      "error": "Red Gate failed: \u274c Test execution failed: "
    },
    {
      "instance_id": "matplotlib__matplotlib-23964",
      "verified": false,
      "patch": null,
      "certificate": null,
      "red_gate_message": "\u274c Test execution failed: ",
      "green_gate_message": "",
      "god_gate_message": "",
      "baseline_passing": 0,
      "after_patch_passing": 0,
      "regressions": 0,
      "new_fixes": 0,
      "duration_ms": 1857,
      "error": "Red Gate failed: \u274c Test execution failed: "
    },
    {
      "instance_id": "matplotlib__matplotlib-23987",
      "verified": false,
      "patch": null,
      "certificate": null,
      "red_gate_message": "\u274c Test execution failed: ",
      "green_gate_message": "",
      "god_gate_message": "",
      "baseline_passing": 0,
      "after_patch_passing": 0,
      "regressions": 0,
      "new_fixes": 0,
      "duration_ms": 2017,
      "error": "Red Gate failed: \u274c Test execution failed: "
    },
    {
      "instance_id": "matplotlib__matplotlib-24149",
      "verified": false,
      "patch": null,
      "certificate": null,
      "red_gate_message": "\u274c Test execution failed: ",
      "green_gate_message": "",
      "god_gate_message": "",
      "baseline_passing": 0,
      "after_patch_passing": 0,
      "regressions": 0,
      "new_fixes": 0,
      "duration_ms": 2008,
      "error": "Red Gate failed: \u274c Test execution failed: "
    },
    {
      "instance_id": "matplotlib__matplotlib-24265",
      "verified": false,
      "patch": null,
      "certificate": null,
      "red_gate_message": "\u274c Test execution failed: ",
      "green_gate_message": "",
      "god_gate_message": "",
      "baseline_passing": 0,
      "after_patch_passing": 0,
      "regressions": 0,
      "new_fixes": 0,
      "duration_ms": 1833,
      "error": "Red Gate failed: \u274c Test execution failed: "
    },
    {
      "instance_id": "matplotlib__matplotlib-24334",
      "verified": false,
      "patch": null,
      "certificate": null,
      "red_gate_message": "\u274c Test execution failed: ",
      "green_gate_message": "",
      "god_gate_message": "",
      "baseline_passing": 0,
      "after_patch_passing": 0,
      "regressions": 0,
      "new_fixes": 0,
      "duration_ms": 1869,
      "error": "Red Gate failed: \u274c Test execution failed: "
    },
    {
      "instance_id": "matplotlib__matplotlib-24970",
      "verified": false,
      "patch": null,
      "certificate": null,
      "red_gate_message": "\u274c Test execution failed: ",
      "green_gate_message": "",
      "god_gate_message": "",
      "baseline_passing": 0,
      "after_patch_passing": 0,
      "regressions": 0,
      "new_fixes": 0,
      "duration_ms": 1722,
      "error": "Red Gate failed: \u274c Test execution failed: "
    },
    {
      "instance_id": "matplotlib__matplotlib-25079",
      "verified": false,
      "patch": null,
      "certificate": null,
      "red_gate_message": "\u274c Test execution failed: ",
      "green_gate_message": "",
      "god_gate_message": "",
      "baseline_passing": 0,
      "after_patch_passing": 0,
      "regressions": 0,
      "new_fixes": 0,
      "duration_ms": 1837,
      "error": "Red Gate failed: \u274c Test execution failed: "
    },
    {
      "instance_id": "matplotlib__matplotlib-25311",
      "verified": false,
      "patch": null,
      "certificate": null,
      "red_gate_message": "\u274c Test execution failed: ",
      "green_gate_message": "",
      "god_gate_message": "",
      "baseline_passing": 0,
      "after_patch_passing": 0,
      "regressions": 0,
      "new_fixes": 0,
      "duration_ms": 1981,
      "error": "Red Gate failed: \u274c Test execution failed: "
    },
    {
      "instance_id": "matplotlib__matplotlib-25332",
      "verified": false,
      "patch": null,
      "certificate": null,
      "red_gate_message": "\u274c Test execution failed: ",
      "green_gate_message": "",
      "god_gate_message": "",
      "baseline_passing": 0,
      "after_patch_passing": 0,
      "regressions": 0,
      "new_fixes": 0,
      "duration_ms": 1880,
      "error": "Red Gate failed: \u274c Test execution failed: "
    },
    {
      "instance_id": "matplotlib__matplotlib-25433",
      "verified": false,
      "patch": null,
      "certificate": null,
      "red_gate_message": "\u274c Test execution failed: ",
      "green_gate_message": "",
      "god_gate_message": "",
      "baseline_passing": 0,
      "after_patch_passing": 0,
      "regressions": 0,
      "new_fixes": 0,
      "duration_ms": 1795,
      "error": "Red Gate failed: \u274c Test execution failed: "
    },
    {
      "instance_id": "matplotlib__matplotlib-25442",
      "verified": false,
      "patch": null,
      "certificate": null,
      "red_gate_message": "\u274c Test execution failed: ",
      "green_gate_message": "",
      "god_gate_message": "",
      "baseline_passing": 0,
      "after_patch_passing": 0,
      "regressions": 0,
      "new_fixes": 0,
      "duration_ms": 2163,
      "error": "Red Gate failed: \u274c Test execution failed: "
    },
    {
      "instance_id": "matplotlib__matplotlib-25498",
      "verified": false,
      "patch": null,
      "certificate": null,
      "red_gate_message": "\u274c Test execution failed: ",
      "green_gate_message": "",
      "god_gate_message": "",
      "baseline_passing": 0,
      "after_patch_passing": 0,
      "regressions": 0,
      "new_fixes": 0,
      "duration_ms": 1936,
      "error": "Red Gate failed: \u274c Test execution failed: "
    },
    {
      "instance_id": "matplotlib__matplotlib-26011",
      "verified": false,
      "patch": null,
      "certificate": null,
      "red_gate_message": "\u274c Test execution failed: ",
      "green_gate_message": "",
      "god_gate_message": "",
      "baseline_passing": 0,
      "after_patch_passing": 0,
      "regressions": 0,
      "new_fixes": 0,
      "duration_ms": 1831,
      "error": "Red Gate failed: \u274c Test execution failed: "
    },
    {
      "instance_id": "matplotlib__matplotlib-26020",
      "verified": false,
      "patch": null,
      "certificate": null,
      "red_gate_message": "\u274c Test execution failed: ",
      "green_gate_message": "",
      "god_gate_message": "",
      "baseline_passing": 0,
      "after_patch_passing": 0,
      "regressions": 0,
      "new_fixes": 0,
      "duration_ms": 1990,
      "error": "Red Gate failed: \u274c Test execution failed: "
    },
    {
      "instance_id": "mwaskom__seaborn-2848",
      "verified": false,
      "patch": null,
      "certificate": null,
      "red_gate_message": "\u274c Test execution failed: ",
      "green_gate_message": "",
      "god_gate_message": "",
      "baseline_passing": 0,
      "after_patch_passing": 0,
      "regressions": 0,
      "new_fixes": 0,
      "duration_ms": 5270,
      "error": "Red Gate failed: \u274c Test execution failed: "
    },
    {
      "instance_id": "mwaskom__seaborn-3010",
      "verified": false,
      "patch": null,
      "certificate": null,
      "red_gate_message": "\u274c Test execution failed: ",
      "green_gate_message": "",
      "god_gate_message": "",
      "baseline_passing": 0,
      "after_patch_passing": 0,
      "regressions": 0,
      "new_fixes": 0,
      "duration_ms": 3402,
      "error": "Red Gate failed: \u274c Test execution failed: "
    },
    {
      "instance_id": "mwaskom__seaborn-3190",
      "verified": false,
      "patch": null,
      "certificate": null,
      "red_gate_message": "\u274c Test execution failed: ",
      "green_gate_message": "",
      "god_gate_message": "",
      "baseline_passing": 0,
      "after_patch_passing": 0,
      "regressions": 0,
      "new_fixes": 0,
      "duration_ms": 3229,
      "error": "Red Gate failed: \u274c Test execution failed: "
    },
    {
      "instance_id": "mwaskom__seaborn-3407",
      "verified": false,
      "patch": null,
      "certificate": null,
      "red_gate_message": "\u274c Test execution failed: ",
      "green_gate_message": "",
      "god_gate_message": "",
      "baseline_passing": 0,
      "after_patch_passing": 0,
      "regressions": 0,
      "new_fixes": 0,
      "duration_ms": 3275,
      "error": "Red Gate failed: \u274c Test execution failed: "
    },
    {
      "instance_id": "pallets__flask-4045",
      "verified": false,
      "patch": null,
      "certificate": null,
      "red_gate_message": "\u274c Test execution failed: ImportError while loading conftest '/tmp/sweb-pallets__flask-4045-q_5mucub/repo/tests/conftest.py'.\ntests/conftest.py:9: in <module>\n    import flask\nE   ModuleNotFoundError: No module named 'flask'\n",
      "green_gate_message": "",
      "god_gate_message": "",
      "baseline_passing": 0,
      "after_patch_passing": 0,
      "regressions": 0,
      "new_fixes": 0,
      "duration_ms": 1569,
      "error": "Red Gate failed: \u274c Test execution failed: ImportError while loading conftest '/tmp/sweb-pallets__flask-4045-q_5mucub/repo/tests/conftest.py'.\ntests/conftest.py:9: in <module>\n    import flask\nE   ModuleNotFoundError: No module named 'flask'\n"
    },
    {
      "instance_id": "pallets__flask-4992",
      "verified": false,
      "patch": null,
      "certificate": null,
      "red_gate_message": "\u274c Test execution failed: ImportError while loading conftest '/tmp/sweb-pallets__flask-4992-7jdxjzgh/repo/tests/conftest.py'.\ntests/conftest.py:9: in <module>\n    from flask import Flask\nE   ModuleNotFoundError: No module name",
      "green_gate_message": "",
      "god_gate_message": "",
      "baseline_passing": 0,
      "after_patch_passing": 0,
      "regressions": 0,
      "new_fixes": 0,
      "duration_ms": 812,
      "error": "Red Gate failed: \u274c Test execution failed: ImportError while loading conftest '/tmp/sweb-pallets__flask-4992-7jdxjzgh/repo/tests/conftest.py'.\ntests/conftest.py:9: in <module>\n    from flask import Flask\nE   ModuleNotFoundError: No module name"
    },
    {
      "instance_id": "pallets__flask-5063",
      "verified": false,
      "patch": null,
      "certificate": null,
      "red_gate_message": "\u274c Test execution failed: ImportError while loading conftest '/tmp/sweb-pallets__flask-5063-12z1t8qt/repo/tests/conftest.py'.\ntests/conftest.py:9: in <module>\n    from flask import Flask\nE   ModuleNotFoundError: No module name",
      "green_gate_message": "",
      "god_gate_message": "",
      "baseline_passing": 0,
      "after_patch_passing": 0,
      "regressions": 0,
      "new_fixes": 0,
      "duration_ms": 797,
      "error": "Red Gate failed: \u274c Test execution failed: ImportError while loading conftest '/tmp/sweb-pallets__flask-5063-12z1t8qt/repo/tests/conftest.py'.\ntests/conftest.py:9: in <module>\n    from flask import Flask\nE   ModuleNotFoundError: No module name"
    },
    {
      "instance_id": "psf__requests-1963",
      "verified": false,
      "patch": null,
      "certificate": null,
      "red_gate_message": "\u274c Test execution failed: ",
      "green_gate_message": "",
      "god_gate_message": "",
      "baseline_passing": 0,
      "after_patch_passing": 0,
      "regressions": 0,
      "new_fixes": 0,
      "duration_ms": 1986,
      "error": "Red Gate failed: \u274c Test execution failed: "
    },
    {
      "instance_id": "psf__requests-2148",
      "verified": false,
      "patch": null,
      "certificate": null,
      "red_gate_message": "\u274c Test execution failed: ",
      "green_gate_message": "",
      "god_gate_message": "",
      "baseline_passing": 0,
      "after_patch_passing": 0,
      "regressions": 0,
      "new_fixes": 0,
      "duration_ms": 1100,
      "error": "Red Gate failed: \u274c Test execution failed: "
    },
    {
      "instance_id": "psf__requests-2317",
      "verified": false,
      "patch": null,
      "certificate": null,
      "red_gate_message": "\u274c Test execution failed: ",
      "green_gate_message": "",
      "god_gate_message": "",
      "baseline_passing": 0,
      "after_patch_passing": 0,
      "regressions": 0,
      "new_fixes": 0,
      "duration_ms": 1066,
      "error": "Red Gate failed: \u274c Test execution failed: "
    },
    {
      "instance_id": "psf__requests-2674",
      "verified": false,
      "patch": null,
      "certificate": null,
      "red_gate_message": "\u274c Test execution failed: ",
      "green_gate_message": "",
      "god_gate_message": "",
      "baseline_passing": 0,
      "after_patch_passing": 0,
      "regressions": 0,
      "new_fixes": 0,
      "duration_ms": 1087,
      "error": "Red Gate failed: \u274c Test execution failed: "
    },
    {
      "instance_id": "psf__requests-3362",
      "verified": false,
      "patch": null,
      "certificate": null,
      "red_gate_message": "\u274c Test execution failed: ImportError while loading conftest '/tmp/sweb-psf__requests-3362-r_y1mi5o/repo/tests/conftest.py'.\ntests/__init__.py:12: in <module>\n    from requests.packages import urllib3 as urllib3_bundle\nrequest",
      "green_gate_message": "",
      "god_gate_message": "",
      "baseline_passing": 0,
      "after_patch_passing": 0,
      "regressions": 0,
      "new_fixes": 0,
      "duration_ms": 955,
      "error": "Red Gate failed: \u274c Test execution failed: ImportError while loading conftest '/tmp/sweb-psf__requests-3362-r_y1mi5o/repo/tests/conftest.py'.\ntests/__init__.py:12: in <module>\n    from requests.packages import urllib3 as urllib3_bundle\nrequest"
    },
    {
      "instance_id": "psf__requests-863",
      "verified": false,
      "patch": null,
      "certificate": null,
      "red_gate_message": "\u274c Test execution failed: ",
      "green_gate_message": "",
      "god_gate_message": "",
      "baseline_passing": 0,
      "after_patch_passing": 0,
      "regressions": 0,
      "new_fixes": 0,
      "duration_ms": 1124,
      "error": "Red Gate failed: \u274c Test execution failed: "
    },
    {
      "instance_id": "pydata__xarray-3364",
      "verified": false,
      "patch": null,
      "certificate": null,
      "red_gate_message": "\u274c Test execution failed: ",
      "green_gate_message": "",
      "god_gate_message": "",
      "baseline_passing": 0,
      "after_patch_passing": 0,
      "regressions": 0,
      "new_fixes": 0,
      "duration_ms": 4691,
      "error": "Red Gate failed: \u274c Test execution failed: "
    },
    {
      "instance_id": "pydata__xarray-4094",
      "verified": false,
      "patch": null,
      "certificate": null,
      "red_gate_message": "\u274c Test execution failed: ",
      "green_gate_message": "",
      "god_gate_message": "",
      "baseline_passing": 0,
      "after_patch_passing": 0,
      "regressions": 0,
      "new_fixes": 0,
      "duration_ms": 1451,
      "error": "Red Gate failed: \u274c Test execution failed: "
    },
    {
      "instance_id": "pydata__xarray-4248",
      "verified": false,
      "patch": null,
      "certificate": null,
      "red_gate_message": "\u274c Test execution failed: ",
      "green_gate_message": "",
      "god_gate_message": "",
      "baseline_passing": 0,
      "after_patch_passing": 0,
      "regressions": 0,
      "new_fixes": 0,
      "duration_ms": 1461,
      "error": "Red Gate failed: \u274c Test execution failed: "
    },
    {
      "instance_id": "pydata__xarray-4493",
      "verified": false,
      "patch": null,
      "certificate": null,
      "red_gate_message": "\u274c Test execution failed: ",
      "green_gate_message": "",
      "god_gate_message": "",
      "baseline_passing": 0,
      "after_patch_passing": 0,
      "regressions": 0,
      "new_fixes": 0,
      "duration_ms": 1405,
      "error": "Red Gate failed: \u274c Test execution failed: "
    },
    {
      "instance_id": "pydata__xarray-5131",
      "verified": false,
      "patch": null,
      "certificate": null,
      "red_gate_message": "\u274c Test execution failed: ",
      "green_gate_message": "",
      "god_gate_message": "",
      "baseline_passing": 0,
      "after_patch_passing": 0,
      "regressions": 0,
      "new_fixes": 0,
      "duration_ms": 1416,
      "error": "Red Gate failed: \u274c Test execution failed: "
    },
    {
      "instance_id": "pylint-dev__pylint-5859",
      "verified": false,
      "patch": null,
      "certificate": null,
      "red_gate_message": "\u274c Test execution failed: ",
      "green_gate_message": "",
      "god_gate_message": "",
      "baseline_passing": 0,
      "after_patch_passing": 0,
      "regressions": 0,
      "new_fixes": 0,
      "duration_ms": 4086,
      "error": "Red Gate failed: \u274c Test execution failed: "
    },
    {
      "instance_id": "pylint-dev__pylint-6506",
      "verified": false,
      "patch": null,
      "certificate": null,
      "red_gate_message": "\u274c Test execution failed: ",
      "green_gate_message": "",
      "god_gate_message": "",
      "baseline_passing": 0,
      "after_patch_passing": 0,
      "regressions": 0,
      "new_fixes": 0,
      "duration_ms": 1286,
      "error": "Red Gate failed: \u274c Test execution failed: "
    },
    {
      "instance_id": "pylint-dev__pylint-7080",
      "verified": false,
      "patch": null,
      "certificate": null,
      "red_gate_message": "\u274c Test execution failed: ",
      "green_gate_message": "",
      "god_gate_message": "",
      "baseline_passing": 0,
      "after_patch_passing": 0,
      "regressions": 0,
      "new_fixes": 0,
      "duration_ms": 1232,
      "error": "Red Gate failed: \u274c Test execution failed: "
    },
    {
      "instance_id": "pylint-dev__pylint-7114",
      "verified": false,
      "patch": null,
      "certificate": null,
      "red_gate_message": "\u274c Test execution failed: ",
      "green_gate_message": "",
      "god_gate_message": "",
      "baseline_passing": 0,
      "after_patch_passing": 0,
      "regressions": 0,
      "new_fixes": 0,
      "duration_ms": 1294,
      "error": "Red Gate failed: \u274c Test execution failed: "
    },
    {
      "instance_id": "pylint-dev__pylint-7228",
      "verified": false,
      "patch": null,
      "certificate": null,
      "red_gate_message": "\u274c Test execution failed: ",
      "green_gate_message": "",
      "god_gate_message": "",
      "baseline_passing": 0,
      "after_patch_passing": 0,
      "regressions": 0,
      "new_fixes": 0,
      "duration_ms": 1336,
      "error": "Red Gate failed: \u274c Test execution failed: "
    },
    {
      "instance_id": "pylint-dev__pylint-7993",
      "verified": false,
      "patch": null,
      "certificate": null,
      "red_gate_message": "\u274c Test execution failed: ",
      "green_gate_message": "",
      "god_gate_message": "",
      "baseline_passing": 0,
      "after_patch_passing": 0,
      "regressions": 0,
      "new_fixes": 0,
      "duration_ms": 1328,
      "error": "Red Gate failed: \u274c Test execution failed: "
    },
    {
      "instance_id": "pytest-dev__pytest-11143",
      "verified": false,
      "patch": null,
      "certificate": null,
      "red_gate_message": "\u274c Test execution failed: ",
      "green_gate_message": "",
      "god_gate_message": "",
      "baseline_passing": 0,
      "after_patch_passing": 0,
      "regressions": 0,
      "new_fixes": 0,
      "duration_ms": 4120,
      "error": "Red Gate failed: \u274c Test execution failed: "
    },
    {
      "instance_id": "pytest-dev__pytest-11148",
      "verified": false,
      "patch": null,
      "certificate": null,
      "red_gate_message": "\u274c Test execution failed: ",
      "green_gate_message": "",
      "god_gate_message": "",
      "baseline_passing": 0,
      "after_patch_passing": 0,
      "regressions": 0,
      "new_fixes": 0,
      "duration_ms": 1458,
      "error": "Red Gate failed: \u274c Test execution failed: "
    },
    {
      "instance_id": "pytest-dev__pytest-5103",
      "verified": false,
      "patch": null,
      "certificate": null,
      "red_gate_message": "\u274c Test execution failed: ERROR: while parsing the following warning configuration:\n\n  ignore:yield tests are deprecated, and scheduled to be removed in pytest 4.0:pytest.RemovedInPytest4Warning\n\nThis error occurred:\n\nTracebac",
      "green_gate_message": "",
      "god_gate_message": "",
      "baseline_passing": 0,
      "after_patch_passing": 0,
      "regressions": 0,
      "new_fixes": 0,
      "duration_ms": 1065,
      "error": "Red Gate failed: \u274c Test execution failed: ERROR: while parsing the following warning configuration:\n\n  ignore:yield tests are deprecated, and scheduled to be removed in pytest 4.0:pytest.RemovedInPytest4Warning\n\nThis error occurred:\n\nTracebac"
    },
    {
      "instance_id": "pytest-dev__pytest-5221",
      "verified": false,
      "patch": null,
      "certificate": null,
      "red_gate_message": "\u274c Test execution failed: ERROR: while parsing the following warning configuration:\n\n  ignore:yield tests are deprecated, and scheduled to be removed in pytest 4.0:pytest.RemovedInPytest4Warning\n\nThis error occurred:\n\nTracebac",
      "green_gate_message": "",
      "god_gate_message": "",
      "baseline_passing": 0,
      "after_patch_passing": 0,
      "regressions": 0,
      "new_fixes": 0,
      "duration_ms": 972,
      "error": "Red Gate failed: \u274c Test execution failed: ERROR: while parsing the following warning configuration:\n\n  ignore:yield tests are deprecated, and scheduled to be removed in pytest 4.0:pytest.RemovedInPytest4Warning\n\nThis error occurred:\n\nTracebac"
    },
    {
      "instance_id": "pytest-dev__pytest-5227",
      "verified": false,
      "patch": null,
      "certificate": null,
      "red_gate_message": "\u274c Test execution failed: ERROR: while parsing the following warning configuration:\n\n  ignore:yield tests are deprecated, and scheduled to be removed in pytest 4.0:pytest.RemovedInPytest4Warning\n\nThis error occurred:\n\nTracebac",
      "green_gate_message": "",
      "god_gate_message": "",
      "baseline_passing": 0,
      "after_patch_passing": 0,
      "regressions": 0,
      "new_fixes": 0,
      "duration_ms": 938,
      "error": "Red Gate failed: \u274c Test execution failed: ERROR: while parsing the following warning configuration:\n\n  ignore:yield tests are deprecated, and scheduled to be removed in pytest 4.0:pytest.RemovedInPytest4Warning\n\nThis error occurred:\n\nTracebac"
    },
    {
      "instance_id": "pytest-dev__pytest-5413",
      "verified": false,
      "patch": null,
      "certificate": null,
      "red_gate_message": "\u274c Test execution failed: ERROR: while parsing the following warning configuration:\n\n  ignore:yield tests are deprecated, and scheduled to be removed in pytest 4.0:pytest.RemovedInPytest4Warning\n\nThis error occurred:\n\nTracebac",
      "green_gate_message": "",
      "god_gate_message": "",
      "baseline_passing": 0,
      "after_patch_passing": 0,
      "regressions": 0,
      "new_fixes": 0,
      "duration_ms": 918,
      "error": "Red Gate failed: \u274c Test execution failed: ERROR: while parsing the following warning configuration:\n\n  ignore:yield tests are deprecated, and scheduled to be removed in pytest 4.0:pytest.RemovedInPytest4Warning\n\nThis error occurred:\n\nTracebac"
    },
    {
      "instance_id": "pytest-dev__pytest-5495",
      "verified": false,
      "patch": null,
      "certificate": null,
      "red_gate_message": "\u274c Test execution failed: ERROR: while parsing the following warning configuration:\n\n  ignore:yield tests are deprecated, and scheduled to be removed in pytest 4.0:pytest.RemovedInPytest4Warning\n\nThis error occurred:\n\nTracebac",
      "green_gate_message": "",
      "god_gate_message": "",
      "baseline_passing": 0,
      "after_patch_passing": 0,
      "regressions": 0,
      "new_fixes": 0,
      "duration_ms": 909,
      "error": "Red Gate failed: \u274c Test execution failed: ERROR: while parsing the following warning configuration:\n\n  ignore:yield tests are deprecated, and scheduled to be removed in pytest 4.0:pytest.RemovedInPytest4Warning\n\nThis error occurred:\n\nTracebac"
    },
    {
      "instance_id": "pytest-dev__pytest-5692",
      "verified": false,
      "patch": null,
      "certificate": null,
      "red_gate_message": "\u274c Test execution failed: ",
      "green_gate_message": "",
      "god_gate_message": "",
      "baseline_passing": 0,
      "after_patch_passing": 0,
      "regressions": 0,
      "new_fixes": 0,
      "duration_ms": 1005,
      "error": "Red Gate failed: \u274c Test execution failed: "
    },
    {
      "instance_id": "pytest-dev__pytest-6116",
      "verified": false,
      "patch": null,
      "certificate": null,
      "red_gate_message": "\u274c Test execution failed: ",
      "green_gate_message": "",
      "god_gate_message": "",
      "baseline_passing": 0,
      "after_patch_passing": 0,
      "regressions": 0,
      "new_fixes": 0,
      "duration_ms": 11092,
      "error": "Red Gate failed: \u274c Test execution failed: "
    },
    {
      "instance_id": "pytest-dev__pytest-7168",
      "verified": false,
      "patch": null,
      "certificate": null,
      "red_gate_message": "\u274c Test execution failed: ImportError while loading conftest '/tmp/sweb-pytest-dev__pytest-7168-qu0888ly/repo/testing/conftest.py'.\ntesting/conftest.py:7: in <module>\n    from _pytest.pytester import Testdir\nE   ImportError: c",
      "green_gate_message": "",
      "god_gate_message": "",
      "baseline_passing": 0,
      "after_patch_passing": 0,
      "regressions": 0,
      "new_fixes": 0,
      "duration_ms": 1005,
      "error": "Red Gate failed: \u274c Test execution failed: ImportError while loading conftest '/tmp/sweb-pytest-dev__pytest-7168-qu0888ly/repo/testing/conftest.py'.\ntesting/conftest.py:7: in <module>\n    from _pytest.pytester import Testdir\nE   ImportError: c"
    },
    {
      "instance_id": "pytest-dev__pytest-7220",
      "verified": false,
      "patch": null,
      "certificate": null,
      "red_gate_message": "\u274c Test execution failed: ImportError while loading conftest '/tmp/sweb-pytest-dev__pytest-7220-psnkci9t/repo/testing/conftest.py'.\ntesting/conftest.py:7: in <module>\n    from _pytest.pytester import Testdir\nE   ImportError: c",
      "green_gate_message": "",
      "god_gate_message": "",
      "baseline_passing": 0,
      "after_patch_passing": 0,
      "regressions": 0,
      "new_fixes": 0,
      "duration_ms": 942,
      "error": "Red Gate failed: \u274c Test execution failed: ImportError while loading conftest '/tmp/sweb-pytest-dev__pytest-7220-psnkci9t/repo/testing/conftest.py'.\ntesting/conftest.py:7: in <module>\n    from _pytest.pytester import Testdir\nE   ImportError: c"
    },
    {
      "instance_id": "pytest-dev__pytest-7373",
      "verified": false,
      "patch": null,
      "certificate": null,
      "red_gate_message": "\u274c Test execution failed: ImportError while loading conftest '/tmp/sweb-pytest-dev__pytest-7373-ismc5fow/repo/testing/conftest.py'.\ntesting/conftest.py:7: in <module>\n    from _pytest.pytester import Testdir\nE   ImportError: c",
      "green_gate_message": "",
      "god_gate_message": "",
      "baseline_passing": 0,
      "after_patch_passing": 0,
      "regressions": 0,
      "new_fixes": 0,
      "duration_ms": 915,
      "error": "Red Gate failed: \u274c Test execution failed: ImportError while loading conftest '/tmp/sweb-pytest-dev__pytest-7373-ismc5fow/repo/testing/conftest.py'.\ntesting/conftest.py:7: in <module>\n    from _pytest.pytester import Testdir\nE   ImportError: c"
    },
    {
      "instance_id": "pytest-dev__pytest-7432",
      "verified": false,
      "patch": null,
      "certificate": null,
      "red_gate_message": "\u274c Test execution failed: ImportError while loading conftest '/tmp/sweb-pytest-dev__pytest-7432-6p154cnv/repo/testing/conftest.py'.\ntesting/conftest.py:7: in <module>\n    from _pytest.pytester import Testdir\nE   ImportError: c",
      "green_gate_message": "",
      "god_gate_message": "",
      "baseline_passing": 0,
      "after_patch_passing": 0,
      "regressions": 0,
      "new_fixes": 0,
      "duration_ms": 1167,
      "error": "Red Gate failed: \u274c Test execution failed: ImportError while loading conftest '/tmp/sweb-pytest-dev__pytest-7432-6p154cnv/repo/testing/conftest.py'.\ntesting/conftest.py:7: in <module>\n    from _pytest.pytester import Testdir\nE   ImportError: c"
    },
    {
      "instance_id": "pytest-dev__pytest-7490",
      "verified": false,
      "patch": null,
      "certificate": null,
      "red_gate_message": "\u274c Test execution failed: ImportError while loading conftest '/tmp/sweb-pytest-dev__pytest-7490-mbt76ku9/repo/testing/conftest.py'.\ntesting/conftest.py:7: in <module>\n    from _pytest.pytester import Testdir\nE   ImportError: c",
      "green_gate_message": "",
      "god_gate_message": "",
      "baseline_passing": 0,
      "after_patch_passing": 0,
      "regressions": 0,
      "new_fixes": 0,
      "duration_ms": 1007,
      "error": "Red Gate failed: \u274c Test execution failed: ImportError while loading conftest '/tmp/sweb-pytest-dev__pytest-7490-mbt76ku9/repo/testing/conftest.py'.\ntesting/conftest.py:7: in <module>\n    from _pytest.pytester import Testdir\nE   ImportError: c"
    },
    {
      "instance_id": "pytest-dev__pytest-8365",
      "verified": false,
      "patch": null,
      "certificate": null,
      "red_gate_message": "\u274c Test execution failed: ",
      "green_gate_message": "",
      "god_gate_message": "",
      "baseline_passing": 0,
      "after_patch_passing": 0,
      "regressions": 0,
      "new_fixes": 0,
      "duration_ms": 1398,
      "error": "Red Gate failed: \u274c Test execution failed: "
    },
    {
      "instance_id": "pytest-dev__pytest-8906",
      "verified": false,
      "patch": null,
      "certificate": null,
      "red_gate_message": "\u274c Test execution failed: ",
      "green_gate_message": "",
      "god_gate_message": "",
      "baseline_passing": 0,
      "after_patch_passing": 0,
      "regressions": 0,
      "new_fixes": 0,
      "duration_ms": 1184,
      "error": "Red Gate failed: \u274c Test execution failed: "
    },
    {
      "instance_id": "pytest-dev__pytest-9359",
      "verified": false,
      "patch": null,
      "certificate": null,
      "red_gate_message": "\u274c Test execution failed: ",
      "green_gate_message": "",
      "god_gate_message": "",
      "baseline_passing": 0,
      "after_patch_passing": 0,
      "regressions": 0,
      "new_fixes": 0,
      "duration_ms": 1151,
      "error": "Red Gate failed: \u274c Test execution failed: "
    },
    {
      "instance_id": "scikit-learn__scikit-learn-10297",
      "verified": false,
      "patch": null,
      "certificate": null,
      "red_gate_message": "\u274c Test execution failed: ",
      "green_gate_message": "",
      "god_gate_message": "",
      "baseline_passing": 0,
      "after_patch_passing": 0,
      "regressions": 0,
      "new_fixes": 0,
      "duration_ms": 11478,
      "error": "Red Gate failed: \u274c Test execution failed: "
    },
    {
      "instance_id": "scikit-learn__scikit-learn-10508",
      "verified": false,
      "patch": null,
      "certificate": null,
      "red_gate_message": "\u274c Test execution failed: ",
      "green_gate_message": "",
      "god_gate_message": "",
      "baseline_passing": 0,
      "after_patch_passing": 0,
      "regressions": 0,
      "new_fixes": 0,
      "duration_ms": 1640,
      "error": "Red Gate failed: \u274c Test execution failed: "
    },
    {
      "instance_id": "scikit-learn__scikit-learn-10949",
      "verified": false,
      "patch": null,
      "certificate": null,
      "red_gate_message": "\u274c Test execution failed: ",
      "green_gate_message": "",
      "god_gate_message": "",
      "baseline_passing": 0,
      "after_patch_passing": 0,
      "regressions": 0,
      "new_fixes": 0,
      "duration_ms": 1435,
      "error": "Red Gate failed: \u274c Test execution failed: "
    },
    {
      "instance_id": "scikit-learn__scikit-learn-11040",
      "verified": false,
      "patch": null,
      "certificate": null,
      "red_gate_message": "\u274c Test execution failed: ",
      "green_gate_message": "",
      "god_gate_message": "",
      "baseline_passing": 0,
      "after_patch_passing": 0,
      "regressions": 0,
      "new_fixes": 0,
      "duration_ms": 1391,
      "error": "Red Gate failed: \u274c Test execution failed: "
    },
    {
      "instance_id": "scikit-learn__scikit-learn-11281",
      "verified": false,
      "patch": null,
      "certificate": null,
      "red_gate_message": "\u274c Test execution failed: ",
      "green_gate_message": "",
      "god_gate_message": "",
      "baseline_passing": 0,
      "after_patch_passing": 0,
      "regressions": 0,
      "new_fixes": 0,
      "duration_ms": 1623,
      "error": "Red Gate failed: \u274c Test execution failed: "
    },
    {
      "instance_id": "scikit-learn__scikit-learn-12471",
      "verified": false,
      "patch": null,
      "certificate": null,
      "red_gate_message": "\u274c Test execution failed: ImportError while loading conftest '/tmp/sweb-scikit-learn__scikit-learn-12471-ezn4llpe/repo/conftest.py'.\nconftest.py:14: in <module>\n    from sklearn.utils.fixes import PY3_OR_LATER\nsklearn/__init__",
      "green_gate_message": "",
      "god_gate_message": "",
      "baseline_passing": 0,
      "after_patch_passing": 0,
      "regressions": 0,
      "new_fixes": 0,
      "duration_ms": 1154,
      "error": "Red Gate failed: \u274c Test execution failed: ImportError while loading conftest '/tmp/sweb-scikit-learn__scikit-learn-12471-ezn4llpe/repo/conftest.py'.\nconftest.py:14: in <module>\n    from sklearn.utils.fixes import PY3_OR_LATER\nsklearn/__init__"
    },
    {
      "instance_id": "scikit-learn__scikit-learn-13142",
      "verified": false,
      "patch": null,
      "certificate": null,
      "red_gate_message": "\u274c Test execution failed: ",
      "green_gate_message": "",
      "god_gate_message": "",
      "baseline_passing": 0,
      "after_patch_passing": 0,
      "regressions": 0,
      "new_fixes": 0,
      "duration_ms": 1487,
      "error": "Red Gate failed: \u274c Test execution failed: "
    },
    {
      "instance_id": "scikit-learn__scikit-learn-13241",
      "verified": false,
      "patch": null,
      "certificate": null,
      "red_gate_message": "\u274c Test execution failed: ",
      "green_gate_message": "",
      "god_gate_message": "",
      "baseline_passing": 0,
      "after_patch_passing": 0,
      "regressions": 0,
      "new_fixes": 0,
      "duration_ms": 1367,
      "error": "Red Gate failed: \u274c Test execution failed: "
    },
    {
      "instance_id": "scikit-learn__scikit-learn-13439",
      "verified": false,
      "patch": null,
      "certificate": null,
      "red_gate_message": "\u274c Test execution failed: ",
      "green_gate_message": "",
      "god_gate_message": "",
      "baseline_passing": 0,
      "after_patch_passing": 0,
      "regressions": 0,
      "new_fixes": 0,
      "duration_ms": 1322,
      "error": "Red Gate failed: \u274c Test execution failed: "
    },
    {
      "instance_id": "scikit-learn__scikit-learn-13496",
      "verified": false,
      "patch": null,
      "certificate": null,
      "red_gate_message": "\u274c Test execution failed: ",
      "green_gate_message": "",
      "god_gate_message": "",
      "baseline_passing": 0,
      "after_patch_passing": 0,
      "regressions": 0,
      "new_fixes": 0,
      "duration_ms": 1424,
      "error": "Red Gate failed: \u274c Test execution failed: "
    },
    {
      "instance_id": "scikit-learn__scikit-learn-13497",
      "verified": false,
      "patch": null,
      "certificate": null,
      "red_gate_message": "\u274c Test execution failed: ",
      "green_gate_message": "",
      "god_gate_message": "",
      "baseline_passing": 0,
      "after_patch_passing": 0,
      "regressions": 0,
      "new_fixes": 0,
      "duration_ms": 1380,
      "error": "Red Gate failed: \u274c Test execution failed: "
    },
    {
      "instance_id": "scikit-learn__scikit-learn-13584",
      "verified": false,
      "patch": null,
      "certificate": null,
      "red_gate_message": "\u274c Test execution failed: ",
      "green_gate_message": "",
      "god_gate_message": "",
      "baseline_passing": 0,
      "after_patch_passing": 0,
      "regressions": 0,
      "new_fixes": 0,
      "duration_ms": 1385,
      "error": "Red Gate failed: \u274c Test execution failed: "
    },
    {
      "instance_id": "scikit-learn__scikit-learn-13779",
      "verified": false,
      "patch": null,
      "certificate": null,
      "red_gate_message": "\u274c Test execution failed: ",
      "green_gate_message": "",
      "god_gate_message": "",
      "baseline_passing": 0,
      "after_patch_passing": 0,
      "regressions": 0,
      "new_fixes": 0,
      "duration_ms": 1438,
      "error": "Red Gate failed: \u274c Test execution failed: "
    },
    {
      "instance_id": "scikit-learn__scikit-learn-14087",
      "verified": false,
      "patch": null,
      "certificate": null,
      "red_gate_message": "\u274c Test execution failed: ImportError while loading conftest '/tmp/sweb-scikit-learn__scikit-learn-14087-c7er5ajh/repo/conftest.py'.\nconftest.py:11: in <module>\n    from sklearn import set_config\nsklearn/__init__.py:75: in <mo",
      "green_gate_message": "",
      "god_gate_message": "",
      "baseline_passing": 0,
      "after_patch_passing": 0,
      "regressions": 0,
      "new_fixes": 0,
      "duration_ms": 1254,
      "error": "Red Gate failed: \u274c Test execution failed: ImportError while loading conftest '/tmp/sweb-scikit-learn__scikit-learn-14087-c7er5ajh/repo/conftest.py'.\nconftest.py:11: in <module>\n    from sklearn import set_config\nsklearn/__init__.py:75: in <mo"
    },
    {
      "instance_id": "scikit-learn__scikit-learn-14092",
      "verified": false,
      "patch": null,
      "certificate": null,
      "red_gate_message": "\u274c Test execution failed: ImportError while loading conftest '/tmp/sweb-scikit-learn__scikit-learn-14092-bxe_dg2l/repo/conftest.py'.\nconftest.py:11: in <module>\n    from sklearn import set_config\nsklearn/__init__.py:75: in <mo",
      "green_gate_message": "",
      "god_gate_message": "",
      "baseline_passing": 0,
      "after_patch_passing": 0,
      "regressions": 0,
      "new_fixes": 0,
      "duration_ms": 1182,
      "error": "Red Gate failed: \u274c Test execution failed: ImportError while loading conftest '/tmp/sweb-scikit-learn__scikit-learn-14092-bxe_dg2l/repo/conftest.py'.\nconftest.py:11: in <module>\n    from sklearn import set_config\nsklearn/__init__.py:75: in <mo"
    },
    {
      "instance_id": "scikit-learn__scikit-learn-14894",
      "verified": false,
      "patch": null,
      "certificate": null,
      "red_gate_message": "\u274c Test execution failed: ImportError while loading conftest '/tmp/sweb-scikit-learn__scikit-learn-14894-ynd8wfpo/repo/conftest.py'.\nconftest.py:14: in <module>\n    from sklearn import set_config\nsklearn/__init__.py:78: in <mo",
      "green_gate_message": "",
      "god_gate_message": "",
      "baseline_passing": 0,
      "after_patch_passing": 0,
      "regressions": 0,
      "new_fixes": 0,
      "duration_ms": 1231,
      "error": "Red Gate failed: \u274c Test execution failed: ImportError while loading conftest '/tmp/sweb-scikit-learn__scikit-learn-14894-ynd8wfpo/repo/conftest.py'.\nconftest.py:14: in <module>\n    from sklearn import set_config\nsklearn/__init__.py:78: in <mo"
    },
    {
      "instance_id": "scikit-learn__scikit-learn-14983",
      "verified": false,
      "patch": null,
      "certificate": null,
      "red_gate_message": "\u274c Test execution failed: ImportError while loading conftest '/tmp/sweb-scikit-learn__scikit-learn-14983-fpdue1ml/repo/conftest.py'.\nconftest.py:14: in <module>\n    from sklearn import set_config\nsklearn/__init__.py:75: in <mo",
      "green_gate_message": "",
      "god_gate_message": "",
      "baseline_passing": 0,
      "after_patch_passing": 0,
      "regressions": 0,
      "new_fixes": 0,
      "duration_ms": 1225,
      "error": "Red Gate failed: \u274c Test execution failed: ImportError while loading conftest '/tmp/sweb-scikit-learn__scikit-learn-14983-fpdue1ml/repo/conftest.py'.\nconftest.py:14: in <module>\n    from sklearn import set_config\nsklearn/__init__.py:75: in <mo"
    },
    {
      "instance_id": "scikit-learn__scikit-learn-15512",
      "verified": false,
      "patch": null,
      "certificate": null,
      "red_gate_message": "\u274c Test execution failed: ImportError while loading conftest '/tmp/sweb-scikit-learn__scikit-learn-15512-yi16pgu9/repo/conftest.py'.\nconftest.py:15: in <module>\n    from sklearn import set_config\nsklearn/__init__.py:73: in <mo",
      "green_gate_message": "",
      "god_gate_message": "",
      "baseline_passing": 0,
      "after_patch_passing": 0,
      "regressions": 0,
      "new_fixes": 0,
      "duration_ms": 1181,
      "error": "Red Gate failed: \u274c Test execution failed: ImportError while loading conftest '/tmp/sweb-scikit-learn__scikit-learn-15512-yi16pgu9/repo/conftest.py'.\nconftest.py:15: in <module>\n    from sklearn import set_config\nsklearn/__init__.py:73: in <mo"
    },
    {
      "instance_id": "scikit-learn__scikit-learn-15535",
      "verified": false,
      "patch": null,
      "certificate": null,
      "red_gate_message": "\u274c Test execution failed: ImportError while loading conftest '/tmp/sweb-scikit-learn__scikit-learn-15535-55sjo4ae/repo/conftest.py'.\nconftest.py:15: in <module>\n    from sklearn import set_config\nsklearn/__init__.py:73: in <mo",
      "green_gate_message": "",
      "god_gate_message": "",
      "baseline_passing": 0,
      "after_patch_passing": 0,
      "regressions": 0,
      "new_fixes": 0,
      "duration_ms": 1197,
      "error": "Red Gate failed: \u274c Test execution failed: ImportError while loading conftest '/tmp/sweb-scikit-learn__scikit-learn-15535-55sjo4ae/repo/conftest.py'.\nconftest.py:15: in <module>\n    from sklearn import set_config\nsklearn/__init__.py:73: in <mo"
    },
    {
      "instance_id": "scikit-learn__scikit-learn-25500",
      "verified": false,
      "patch": null,
      "certificate": null,
      "red_gate_message": "\u274c Test execution failed: Traceback (most recent call last):\n  File \"/home/phuc/.local/lib/python3.10/site-packages/_pytest/config/__init__.py\", line 879, in import_plugin\n    __import__(importspec)\nModuleNotFoundError: No mod",
      "green_gate_message": "",
      "god_gate_message": "",
      "baseline_passing": 0,
      "after_patch_passing": 0,
      "regressions": 0,
      "new_fixes": 0,
      "duration_ms": 1825,
      "error": "Red Gate failed: \u274c Test execution failed: Traceback (most recent call last):\n  File \"/home/phuc/.local/lib/python3.10/site-packages/_pytest/config/__init__.py\", line 879, in import_plugin\n    __import__(importspec)\nModuleNotFoundError: No mod"
    },
    {
      "instance_id": "scikit-learn__scikit-learn-25570",
      "verified": false,
      "patch": null,
      "certificate": null,
      "red_gate_message": "\u274c Test execution failed: Traceback (most recent call last):\n  File \"/home/phuc/.local/lib/python3.10/site-packages/_pytest/config/__init__.py\", line 879, in import_plugin\n    __import__(importspec)\nModuleNotFoundError: No mod",
      "green_gate_message": "",
      "god_gate_message": "",
      "baseline_passing": 0,
      "after_patch_passing": 0,
      "regressions": 0,
      "new_fixes": 0,
      "duration_ms": 1677,
      "error": "Red Gate failed: \u274c Test execution failed: Traceback (most recent call last):\n  File \"/home/phuc/.local/lib/python3.10/site-packages/_pytest/config/__init__.py\", line 879, in import_plugin\n    __import__(importspec)\nModuleNotFoundError: No mod"
    },
    {
      "instance_id": "scikit-learn__scikit-learn-25638",
      "verified": false,
      "patch": null,
      "certificate": null,
      "red_gate_message": "\u274c Test execution failed: Traceback (most recent call last):\n  File \"/home/phuc/.local/lib/python3.10/site-packages/_pytest/config/__init__.py\", line 879, in import_plugin\n    __import__(importspec)\nModuleNotFoundError: No mod",
      "green_gate_message": "",
      "god_gate_message": "",
      "baseline_passing": 0,
      "after_patch_passing": 0,
      "regressions": 0,
      "new_fixes": 0,
      "duration_ms": 1641,
      "error": "Red Gate failed: \u274c Test execution failed: Traceback (most recent call last):\n  File \"/home/phuc/.local/lib/python3.10/site-packages/_pytest/config/__init__.py\", line 879, in import_plugin\n    __import__(importspec)\nModuleNotFoundError: No mod"
    },
    {
      "instance_id": "scikit-learn__scikit-learn-25747",
      "verified": false,
      "patch": null,
      "certificate": null,
      "red_gate_message": "\u274c Test execution failed: Traceback (most recent call last):\n  File \"/home/phuc/.local/lib/python3.10/site-packages/_pytest/config/__init__.py\", line 879, in import_plugin\n    __import__(importspec)\nModuleNotFoundError: No mod",
      "green_gate_message": "",
      "god_gate_message": "",
      "baseline_passing": 0,
      "after_patch_passing": 0,
      "regressions": 0,
      "new_fixes": 0,
      "duration_ms": 1616,
      "error": "Red Gate failed: \u274c Test execution failed: Traceback (most recent call last):\n  File \"/home/phuc/.local/lib/python3.10/site-packages/_pytest/config/__init__.py\", line 879, in import_plugin\n    __import__(importspec)\nModuleNotFoundError: No mod"
    },
    {
      "instance_id": "sphinx-doc__sphinx-10325",
      "verified": false,
      "patch": null,
      "certificate": null,
      "red_gate_message": "\u274c Test execution failed: ImportError while loading conftest '/tmp/sweb-sphinx-doc__sphinx-10325-sx23na8v/repo/tests/conftest.py'.\ntests/conftest.py:4: in <module>\n    import docutils\nE   ModuleNotFoundError: No module named '",
      "green_gate_message": "",
      "god_gate_message": "",
      "baseline_passing": 0,
      "after_patch_passing": 0,
      "regressions": 0,
      "new_fixes": 0,
      "duration_ms": 8135,
      "error": "Red Gate failed: \u274c Test execution failed: ImportError while loading conftest '/tmp/sweb-sphinx-doc__sphinx-10325-sx23na8v/repo/tests/conftest.py'.\ntests/conftest.py:4: in <module>\n    import docutils\nE   ModuleNotFoundError: No module named '"
    },
    {
      "instance_id": "sphinx-doc__sphinx-10451",
      "verified": false,
      "patch": null,
      "certificate": null,
      "red_gate_message": "\u274c Test execution failed: ImportError while loading conftest '/tmp/sweb-sphinx-doc__sphinx-10451-g_cld5ds/repo/tests/conftest.py'.\ntests/conftest.py:4: in <module>\n    import docutils\nE   ModuleNotFoundError: No module named '",
      "green_gate_message": "",
      "god_gate_message": "",
      "baseline_passing": 0,
      "after_patch_passing": 0,
      "regressions": 0,
      "new_fixes": 0,
      "duration_ms": 1429,
      "error": "Red Gate failed: \u274c Test execution failed: ImportError while loading conftest '/tmp/sweb-sphinx-doc__sphinx-10451-g_cld5ds/repo/tests/conftest.py'.\ntests/conftest.py:4: in <module>\n    import docutils\nE   ModuleNotFoundError: No module named '"
    },
    {
      "instance_id": "sphinx-doc__sphinx-11445",
      "verified": false,
      "patch": null,
      "certificate": null,
      "red_gate_message": "\u274c Test execution failed: ImportError while loading conftest '/tmp/sweb-sphinx-doc__sphinx-11445-0yvvizxu/repo/tests/conftest.py'.\ntests/conftest.py:4: in <module>\n    import docutils\nE   ModuleNotFoundError: No module named '",
      "green_gate_message": "",
      "god_gate_message": "",
      "baseline_passing": 0,
      "after_patch_passing": 0,
      "regressions": 0,
      "new_fixes": 0,
      "duration_ms": 1128,
      "error": "Red Gate failed: \u274c Test execution failed: ImportError while loading conftest '/tmp/sweb-sphinx-doc__sphinx-11445-0yvvizxu/repo/tests/conftest.py'.\ntests/conftest.py:4: in <module>\n    import docutils\nE   ModuleNotFoundError: No module named '"
    },
    {
      "instance_id": "sphinx-doc__sphinx-7686",
      "verified": false,
      "patch": null,
      "certificate": null,
      "red_gate_message": "\u274c Test execution failed: ImportError while loading conftest '/tmp/sweb-sphinx-doc__sphinx-7686-s7wnl_y8/repo/tests/conftest.py'.\ntests/conftest.py:12: in <module>\n    import docutils\nE   ModuleNotFoundError: No module named '",
      "green_gate_message": "",
      "god_gate_message": "",
      "baseline_passing": 0,
      "after_patch_passing": 0,
      "regressions": 0,
      "new_fixes": 0,
      "duration_ms": 1149,
      "error": "Red Gate failed: \u274c Test execution failed: ImportError while loading conftest '/tmp/sweb-sphinx-doc__sphinx-7686-s7wnl_y8/repo/tests/conftest.py'.\ntests/conftest.py:12: in <module>\n    import docutils\nE   ModuleNotFoundError: No module named '"
    },
    {
      "instance_id": "sphinx-doc__sphinx-7738",
      "verified": false,
      "patch": null,
      "certificate": null,
      "red_gate_message": "\u274c Test execution failed: ImportError while loading conftest '/tmp/sweb-sphinx-doc__sphinx-7738-n9tlazfx/repo/tests/conftest.py'.\ntests/conftest.py:12: in <module>\n    import docutils\nE   ModuleNotFoundError: No module named '",
      "green_gate_message": "",
      "god_gate_message": "",
      "baseline_passing": 0,
      "after_patch_passing": 0,
      "regressions": 0,
      "new_fixes": 0,
      "duration_ms": 1143,
      "error": "Red Gate failed: \u274c Test execution failed: ImportError while loading conftest '/tmp/sweb-sphinx-doc__sphinx-7738-n9tlazfx/repo/tests/conftest.py'.\ntests/conftest.py:12: in <module>\n    import docutils\nE   ModuleNotFoundError: No module named '"
    },
    {
      "instance_id": "sphinx-doc__sphinx-7975",
      "verified": false,
      "patch": null,
      "certificate": null,
      "red_gate_message": "\u274c Test execution failed: ImportError while loading conftest '/tmp/sweb-sphinx-doc__sphinx-7975-43x0eunt/repo/tests/conftest.py'.\ntests/conftest.py:12: in <module>\n    import docutils\nE   ModuleNotFoundError: No module named '",
      "green_gate_message": "",
      "god_gate_message": "",
      "baseline_passing": 0,
      "after_patch_passing": 0,
      "regressions": 0,
      "new_fixes": 0,
      "duration_ms": 1043,
      "error": "Red Gate failed: \u274c Test execution failed: ImportError while loading conftest '/tmp/sweb-sphinx-doc__sphinx-7975-43x0eunt/repo/tests/conftest.py'.\ntests/conftest.py:12: in <module>\n    import docutils\nE   ModuleNotFoundError: No module named '"
    },
    {
      "instance_id": "sphinx-doc__sphinx-8273",
      "verified": false,
      "patch": null,
      "certificate": null,
      "red_gate_message": "\u274c Test execution failed: ImportError while loading conftest '/tmp/sweb-sphinx-doc__sphinx-8273-0j5mdnq9/repo/tests/conftest.py'.\ntests/conftest.py:12: in <module>\n    import docutils\nE   ModuleNotFoundError: No module named '",
      "green_gate_message": "",
      "god_gate_message": "",
      "baseline_passing": 0,
      "after_patch_passing": 0,
      "regressions": 0,
      "new_fixes": 0,
      "duration_ms": 1177,
      "error": "Red Gate failed: \u274c Test execution failed: ImportError while loading conftest '/tmp/sweb-sphinx-doc__sphinx-8273-0j5mdnq9/repo/tests/conftest.py'.\ntests/conftest.py:12: in <module>\n    import docutils\nE   ModuleNotFoundError: No module named '"
    },
    {
      "instance_id": "sphinx-doc__sphinx-8282",
      "verified": false,
      "patch": null,
      "certificate": null,
      "red_gate_message": "\u274c Test execution failed: ImportError while loading conftest '/tmp/sweb-sphinx-doc__sphinx-8282-ijwthpsz/repo/tests/conftest.py'.\ntests/conftest.py:12: in <module>\n    import docutils\nE   ModuleNotFoundError: No module named '",
      "green_gate_message": "",
      "god_gate_message": "",
      "baseline_passing": 0,
      "after_patch_passing": 0,
      "regressions": 0,
      "new_fixes": 0,
      "duration_ms": 1077,
      "error": "Red Gate failed: \u274c Test execution failed: ImportError while loading conftest '/tmp/sweb-sphinx-doc__sphinx-8282-ijwthpsz/repo/tests/conftest.py'.\ntests/conftest.py:12: in <module>\n    import docutils\nE   ModuleNotFoundError: No module named '"
    },
    {
      "instance_id": "sphinx-doc__sphinx-8435",
      "verified": false,
      "patch": null,
      "certificate": null,
      "red_gate_message": "\u274c Test execution failed: ImportError while loading conftest '/tmp/sweb-sphinx-doc__sphinx-8435-v47irxs3/repo/tests/conftest.py'.\ntests/conftest.py:12: in <module>\n    import docutils\nE   ModuleNotFoundError: No module named '",
      "green_gate_message": "",
      "god_gate_message": "",
      "baseline_passing": 0,
      "after_patch_passing": 0,
      "regressions": 0,
      "new_fixes": 0,
      "duration_ms": 1462,
      "error": "Red Gate failed: \u274c Test execution failed: ImportError while loading conftest '/tmp/sweb-sphinx-doc__sphinx-8435-v47irxs3/repo/tests/conftest.py'.\ntests/conftest.py:12: in <module>\n    import docutils\nE   ModuleNotFoundError: No module named '"
    },
    {
      "instance_id": "sphinx-doc__sphinx-8474",
      "verified": false,
      "patch": null,
      "certificate": null,
      "red_gate_message": "\u274c Test execution failed: ImportError while loading conftest '/tmp/sweb-sphinx-doc__sphinx-8474-u_gd_vch/repo/tests/conftest.py'.\ntests/conftest.py:12: in <module>\n    import docutils\nE   ModuleNotFoundError: No module named '",
      "green_gate_message": "",
      "god_gate_message": "",
      "baseline_passing": 0,
      "after_patch_passing": 0,
      "regressions": 0,
      "new_fixes": 0,
      "duration_ms": 1903,
      "error": "Red Gate failed: \u274c Test execution failed: ImportError while loading conftest '/tmp/sweb-sphinx-doc__sphinx-8474-u_gd_vch/repo/tests/conftest.py'.\ntests/conftest.py:12: in <module>\n    import docutils\nE   ModuleNotFoundError: No module named '"
    },
    {
      "instance_id": "sphinx-doc__sphinx-8506",
      "verified": false,
      "patch": null,
      "certificate": null,
      "red_gate_message": "\u274c Test execution failed: ImportError while loading conftest '/tmp/sweb-sphinx-doc__sphinx-8506-l9k_zsob/repo/tests/conftest.py'.\ntests/conftest.py:12: in <module>\n    import docutils\nE   ModuleNotFoundError: No module named '",
      "green_gate_message": "",
      "god_gate_message": "",
      "baseline_passing": 0,
      "after_patch_passing": 0,
      "regressions": 0,
      "new_fixes": 0,
      "duration_ms": 1925,
      "error": "Red Gate failed: \u274c Test execution failed: ImportError while loading conftest '/tmp/sweb-sphinx-doc__sphinx-8506-l9k_zsob/repo/tests/conftest.py'.\ntests/conftest.py:12: in <module>\n    import docutils\nE   ModuleNotFoundError: No module named '"
    },
    {
      "instance_id": "sphinx-doc__sphinx-8595",
      "verified": false,
      "patch": null,
      "certificate": null,
      "red_gate_message": "\u274c Test execution failed: ImportError while loading conftest '/tmp/sweb-sphinx-doc__sphinx-8595-dg4g8t_s/repo/tests/conftest.py'.\ntests/conftest.py:12: in <module>\n    import docutils\nE   ModuleNotFoundError: No module named '",
      "green_gate_message": "",
      "god_gate_message": "",
      "baseline_passing": 0,
      "after_patch_passing": 0,
      "regressions": 0,
      "new_fixes": 0,
      "duration_ms": 2309,
      "error": "Red Gate failed: \u274c Test execution failed: ImportError while loading conftest '/tmp/sweb-sphinx-doc__sphinx-8595-dg4g8t_s/repo/tests/conftest.py'.\ntests/conftest.py:12: in <module>\n    import docutils\nE   ModuleNotFoundError: No module named '"
    },
    {
      "instance_id": "sphinx-doc__sphinx-8627",
      "verified": false,
      "patch": null,
      "certificate": null,
      "red_gate_message": "\u274c Test execution failed: ImportError while loading conftest '/tmp/sweb-sphinx-doc__sphinx-8627-gdssek1w/repo/tests/conftest.py'.\ntests/conftest.py:12: in <module>\n    import docutils\nE   ModuleNotFoundError: No module named '",
      "green_gate_message": "",
      "god_gate_message": "",
      "baseline_passing": 0,
      "after_patch_passing": 0,
      "regressions": 0,
      "new_fixes": 0,
      "duration_ms": 2014,
      "error": "Red Gate failed: \u274c Test execution failed: ImportError while loading conftest '/tmp/sweb-sphinx-doc__sphinx-8627-gdssek1w/repo/tests/conftest.py'.\ntests/conftest.py:12: in <module>\n    import docutils\nE   ModuleNotFoundError: No module named '"
    },
    {
      "instance_id": "sphinx-doc__sphinx-8713",
      "verified": false,
      "patch": null,
      "certificate": null,
      "red_gate_message": "\u274c Test execution failed: ImportError while loading conftest '/tmp/sweb-sphinx-doc__sphinx-8713-dyvq0hi2/repo/tests/conftest.py'.\ntests/conftest.py:12: in <module>\n    import docutils\nE   ModuleNotFoundError: No module named '",
      "green_gate_message": "",
      "god_gate_message": "",
      "baseline_passing": 0,
      "after_patch_passing": 0,
      "regressions": 0,
      "new_fixes": 0,
      "duration_ms": 1776,
      "error": "Red Gate failed: \u274c Test execution failed: ImportError while loading conftest '/tmp/sweb-sphinx-doc__sphinx-8713-dyvq0hi2/repo/tests/conftest.py'.\ntests/conftest.py:12: in <module>\n    import docutils\nE   ModuleNotFoundError: No module named '"
    },
    {
      "instance_id": "sphinx-doc__sphinx-8721",
      "verified": false,
      "patch": null,
      "certificate": null,
      "red_gate_message": "\u274c Test execution failed: ImportError while loading conftest '/tmp/sweb-sphinx-doc__sphinx-8721-6ropsu5c/repo/tests/conftest.py'.\ntests/conftest.py:12: in <module>\n    import docutils\nE   ModuleNotFoundError: No module named '",
      "green_gate_message": "",
      "god_gate_message": "",
      "baseline_passing": 0,
      "after_patch_passing": 0,
      "regressions": 0,
      "new_fixes": 0,
      "duration_ms": 1776,
      "error": "Red Gate failed: \u274c Test execution failed: ImportError while loading conftest '/tmp/sweb-sphinx-doc__sphinx-8721-6ropsu5c/repo/tests/conftest.py'.\ntests/conftest.py:12: in <module>\n    import docutils\nE   ModuleNotFoundError: No module named '"
    },
    {
      "instance_id": "sphinx-doc__sphinx-8801",
      "verified": false,
      "patch": null,
      "certificate": null,
      "red_gate_message": "\u274c Test execution failed: ImportError while loading conftest '/tmp/sweb-sphinx-doc__sphinx-8801-4lk5ist7/repo/tests/conftest.py'.\ntests/conftest.py:12: in <module>\n    import docutils\nE   ModuleNotFoundError: No module named '",
      "green_gate_message": "",
      "god_gate_message": "",
      "baseline_passing": 0,
      "after_patch_passing": 0,
      "regressions": 0,
      "new_fixes": 0,
      "duration_ms": 1183,
      "error": "Red Gate failed: \u274c Test execution failed: ImportError while loading conftest '/tmp/sweb-sphinx-doc__sphinx-8801-4lk5ist7/repo/tests/conftest.py'.\ntests/conftest.py:12: in <module>\n    import docutils\nE   ModuleNotFoundError: No module named '"
    },
    {
      "instance_id": "sympy__sympy-11400",
      "verified": false,
      "patch": null,
      "certificate": null,
      "red_gate_message": "\u274c Test execution failed: ",
      "green_gate_message": "",
      "god_gate_message": "",
      "baseline_passing": 0,
      "after_patch_passing": 0,
      "regressions": 0,
      "new_fixes": 0,
      "duration_ms": 11826,
      "error": "Red Gate failed: \u274c Test execution failed: "
    },
    {
      "instance_id": "sympy__sympy-11870",
      "verified": false,
      "patch": null,
      "certificate": null,
      "red_gate_message": "\u274c Test execution failed: ",
      "green_gate_message": "",
      "god_gate_message": "",
      "baseline_passing": 0,
      "after_patch_passing": 0,
      "regressions": 0,
      "new_fixes": 0,
      "duration_ms": 1579,
      "error": "Red Gate failed: \u274c Test execution failed: "
    },
    {
      "instance_id": "sympy__sympy-11897",
      "verified": false,
      "patch": null,
      "certificate": null,
      "red_gate_message": "\u274c Test execution failed: ",
      "green_gate_message": "",
      "god_gate_message": "",
      "baseline_passing": 0,
      "after_patch_passing": 0,
      "regressions": 0,
      "new_fixes": 0,
      "duration_ms": 1384,
      "error": "Red Gate failed: \u274c Test execution failed: "
    },
    {
      "instance_id": "sympy__sympy-12171",
      "verified": false,
      "patch": null,
      "certificate": null,
      "red_gate_message": "\u274c Test execution failed: ",
      "green_gate_message": "",
      "god_gate_message": "",
      "baseline_passing": 0,
      "after_patch_passing": 0,
      "regressions": 0,
      "new_fixes": 0,
      "duration_ms": 1473,
      "error": "Red Gate failed: \u274c Test execution failed: "
    },
    {
      "instance_id": "sympy__sympy-12236",
      "verified": false,
      "patch": null,
      "certificate": null,
      "red_gate_message": "\u274c Test execution failed: ",
      "green_gate_message": "",
      "god_gate_message": "",
      "baseline_passing": 0,
      "after_patch_passing": 0,
      "regressions": 0,
      "new_fixes": 0,
      "duration_ms": 1439,
      "error": "Red Gate failed: \u274c Test execution failed: "
    },
    {
      "instance_id": "sympy__sympy-12419",
      "verified": false,
      "patch": null,
      "certificate": null,
      "red_gate_message": "\u274c Test execution failed: ",
      "green_gate_message": "",
      "god_gate_message": "",
      "baseline_passing": 0,
      "after_patch_passing": 0,
      "regressions": 0,
      "new_fixes": 0,
      "duration_ms": 1387,
      "error": "Red Gate failed: \u274c Test execution failed: "
    },
    {
      "instance_id": "sympy__sympy-12454",
      "verified": false,
      "patch": null,
      "certificate": null,
      "red_gate_message": "\u274c Test execution failed: ",
      "green_gate_message": "",
      "god_gate_message": "",
      "baseline_passing": 0,
      "after_patch_passing": 0,
      "regressions": 0,
      "new_fixes": 0,
      "duration_ms": 1379,
      "error": "Red Gate failed: \u274c Test execution failed: "
    },
    {
      "instance_id": "sympy__sympy-12481",
      "verified": false,
      "patch": null,
      "certificate": null,
      "red_gate_message": "\u274c Test execution failed: ",
      "green_gate_message": "",
      "god_gate_message": "",
      "baseline_passing": 0,
      "after_patch_passing": 0,
      "regressions": 0,
      "new_fixes": 0,
      "duration_ms": 1417,
      "error": "Red Gate failed: \u274c Test execution failed: "
    },
    {
      "instance_id": "sympy__sympy-13031",
      "verified": false,
      "patch": null,
      "certificate": null,
      "red_gate_message": "\u274c Test execution failed: ",
      "green_gate_message": "",
      "god_gate_message": "",
      "baseline_passing": 0,
      "after_patch_passing": 0,
      "regressions": 0,
      "new_fixes": 0,
      "duration_ms": 1434,
      "error": "Red Gate failed: \u274c Test execution failed: "
    },
    {
      "instance_id": "sympy__sympy-13043",
      "verified": false,
      "patch": null,
      "certificate": null,
      "red_gate_message": "\u274c Test execution failed: ",
      "green_gate_message": "",
      "god_gate_message": "",
      "baseline_passing": 0,
      "after_patch_passing": 0,
      "regressions": 0,
      "new_fixes": 0,
      "duration_ms": 2904,
      "error": "Red Gate failed: \u274c Test execution failed: "
    },
    {
      "instance_id": "sympy__sympy-13146",
      "verified": false,
      "patch": null,
      "certificate": null,
      "red_gate_message": "\u274c Test execution failed: ",
      "green_gate_message": "",
      "god_gate_message": "",
      "baseline_passing": 0,
      "after_patch_passing": 0,
      "regressions": 0,
      "new_fixes": 0,
      "duration_ms": 1503,
      "error": "Red Gate failed: \u274c Test execution failed: "
    },
    {
      "instance_id": "sympy__sympy-13177",
      "verified": false,
      "patch": null,
      "certificate": null,
      "red_gate_message": "\u274c Test execution failed: ",
      "green_gate_message": "",
      "god_gate_message": "",
      "baseline_passing": 0,
      "after_patch_passing": 0,
      "regressions": 0,
      "new_fixes": 0,
      "duration_ms": 1694,
      "error": "Red Gate failed: \u274c Test execution failed: "
    },
    {
      "instance_id": "sympy__sympy-13437",
      "verified": false,
      "patch": null,
      "certificate": null,
      "red_gate_message": "\u274c Test execution failed: ",
      "green_gate_message": "",
      "god_gate_message": "",
      "baseline_passing": 0,
      "after_patch_passing": 0,
      "regressions": 0,
      "new_fixes": 0,
      "duration_ms": 1502,
      "error": "Red Gate failed: \u274c Test execution failed: "
    },
    {
      "instance_id": "sympy__sympy-13471",
      "verified": false,
      "patch": null,
      "certificate": null,
      "red_gate_message": "\u274c Test execution failed: ",
      "green_gate_message": "",
      "god_gate_message": "",
      "baseline_passing": 0,
      "after_patch_passing": 0,
      "regressions": 0,
      "new_fixes": 0,
      "duration_ms": 1543,
      "error": "Red Gate failed: \u274c Test execution failed: "
    },
    {
      "instance_id": "sympy__sympy-13480",
      "verified": false,
      "patch": null,
      "certificate": null,
      "red_gate_message": "\u274c Test execution failed: ",
      "green_gate_message": "",
      "god_gate_message": "",
      "baseline_passing": 0,
      "after_patch_passing": 0,
      "regressions": 0,
      "new_fixes": 0,
      "duration_ms": 1870,
      "error": "Red Gate failed: \u274c Test execution failed: "
    },
    {
      "instance_id": "sympy__sympy-13647",
      "verified": false,
      "patch": null,
      "certificate": null,
      "red_gate_message": "\u274c Test execution failed: ",
      "green_gate_message": "",
      "god_gate_message": "",
      "baseline_passing": 0,
      "after_patch_passing": 0,
      "regressions": 0,
      "new_fixes": 0,
      "duration_ms": 1544,
      "error": "Red Gate failed: \u274c Test execution failed: "
    },
    {
      "instance_id": "sympy__sympy-13773",
      "verified": false,
      "patch": null,
      "certificate": null,
      "red_gate_message": "\u274c Test execution failed: ",
      "green_gate_message": "",
      "god_gate_message": "",
      "baseline_passing": 0,
      "after_patch_passing": 0,
      "regressions": 0,
      "new_fixes": 0,
      "duration_ms": 2024,
      "error": "Red Gate failed: \u274c Test execution failed: "
    },
    {
      "instance_id": "sympy__sympy-13895",
      "verified": false,
      "patch": null,
      "certificate": null,
      "red_gate_message": "\u274c Test execution failed: ",
      "green_gate_message": "",
      "god_gate_message": "",
      "baseline_passing": 0,
      "after_patch_passing": 0,
      "regressions": 0,
      "new_fixes": 0,
      "duration_ms": 1989,
      "error": "Red Gate failed: \u274c Test execution failed: "
    },
    {
      "instance_id": "sympy__sympy-13915",
      "verified": false,
      "patch": null,
      "certificate": null,
      "red_gate_message": "\u274c Test execution failed: ",
      "green_gate_message": "",
      "god_gate_message": "",
      "baseline_passing": 0,
      "after_patch_passing": 0,
      "regressions": 0,
      "new_fixes": 0,
      "duration_ms": 2092,
      "error": "Red Gate failed: \u274c Test execution failed: "
    },
    {
      "instance_id": "sympy__sympy-13971",
      "verified": false,
      "patch": null,
      "certificate": null,
      "red_gate_message": "\u274c Test execution failed: ",
      "green_gate_message": "",
      "god_gate_message": "",
      "baseline_passing": 0,
      "after_patch_passing": 0,
      "regressions": 0,
      "new_fixes": 0,
      "duration_ms": 2000,
      "error": "Red Gate failed: \u274c Test execution failed: "
    },
    {
      "instance_id": "sympy__sympy-14024",
      "verified": false,
      "patch": null,
      "certificate": null,
      "red_gate_message": "\u274c Test execution failed: ",
      "green_gate_message": "",
      "god_gate_message": "",
      "baseline_passing": 0,
      "after_patch_passing": 0,
      "regressions": 0,
      "new_fixes": 0,
      "duration_ms": 1766,
      "error": "Red Gate failed: \u274c Test execution failed: "
    },
    {
      "instance_id": "sympy__sympy-14308",
      "verified": false,
      "patch": null,
      "certificate": null,
      "red_gate_message": "\u274c Test execution failed: ",
      "green_gate_message": "",
      "god_gate_message": "",
      "baseline_passing": 0,
      "after_patch_passing": 0,
      "regressions": 0,
      "new_fixes": 0,
      "duration_ms": 1748,
      "error": "Red Gate failed: \u274c Test execution failed: "
    },
    {
      "instance_id": "sympy__sympy-14317",
      "verified": false,
      "patch": null,
      "certificate": null,
      "red_gate_message": "\u274c Test execution failed: ",
      "green_gate_message": "",
      "god_gate_message": "",
      "baseline_passing": 0,
      "after_patch_passing": 0,
      "regressions": 0,
      "new_fixes": 0,
      "duration_ms": 2042,
      "error": "Red Gate failed: \u274c Test execution failed: "
    },
    {
      "instance_id": "sympy__sympy-14396",
      "verified": false,
      "patch": null,
      "certificate": null,
      "red_gate_message": "\u274c Test execution failed: ",
      "green_gate_message": "",
      "god_gate_message": "",
      "baseline_passing": 0,
      "after_patch_passing": 0,
      "regressions": 0,
      "new_fixes": 0,
      "duration_ms": 1446,
      "error": "Red Gate failed: \u274c Test execution failed: "
    },
    {
      "instance_id": "sympy__sympy-14774",
      "verified": false,
      "patch": null,
      "certificate": null,
      "red_gate_message": "\u274c Test execution failed: ",
      "green_gate_message": "",
      "god_gate_message": "",
      "baseline_passing": 0,
      "after_patch_passing": 0,
      "regressions": 0,
      "new_fixes": 0,
      "duration_ms": 2151,
      "error": "Red Gate failed: \u274c Test execution failed: "
    },
    {
      "instance_id": "sympy__sympy-14817",
      "verified": false,
      "patch": null,
      "certificate": null,
      "red_gate_message": "\u274c Test execution failed: ",
      "green_gate_message": "",
      "god_gate_message": "",
      "baseline_passing": 0,
      "after_patch_passing": 0,
      "regressions": 0,
      "new_fixes": 0,
      "duration_ms": 1810,
      "error": "Red Gate failed: \u274c Test execution failed: "
    },
    {
      "instance_id": "sympy__sympy-15011",
      "verified": false,
      "patch": null,
      "certificate": null,
      "red_gate_message": "\u274c Test execution failed: ",
      "green_gate_message": "",
      "god_gate_message": "",
      "baseline_passing": 0,
      "after_patch_passing": 0,
      "regressions": 0,
      "new_fixes": 0,
      "duration_ms": 27972,
      "error": "Red Gate failed: \u274c Test execution failed: "
    },
    {
      "instance_id": "sympy__sympy-15308",
      "verified": false,
      "patch": null,
      "certificate": null,
      "red_gate_message": "\u274c Test execution failed: ",
      "green_gate_message": "",
      "god_gate_message": "",
      "baseline_passing": 0,
      "after_patch_passing": 0,
      "regressions": 0,
      "new_fixes": 0,
      "duration_ms": 28251,
      "error": "Red Gate failed: \u274c Test execution failed: "
    },
    {
      "instance_id": "sympy__sympy-15345",
      "verified": false,
      "patch": null,
      "certificate": null,
      "red_gate_message": "\u274c Test execution failed: ",
      "green_gate_message": "",
      "god_gate_message": "",
      "baseline_passing": 0,
      "after_patch_passing": 0,
      "regressions": 0,
      "new_fixes": 0,
      "duration_ms": 27865,
      "error": "Red Gate failed: \u274c Test execution failed: "
    },
    {
      "instance_id": "sympy__sympy-15346",
      "verified": false,
      "patch": null,
      "certificate": null,
      "red_gate_message": "\u274c Test execution failed: ",
      "green_gate_message": "",
      "god_gate_message": "",
      "baseline_passing": 0,
      "after_patch_passing": 0,
      "regressions": 0,
      "new_fixes": 0,
      "duration_ms": 28367,
      "error": "Red Gate failed: \u274c Test execution failed: "
    },
    {
      "instance_id": "sympy__sympy-15609",
      "verified": false,
      "patch": null,
      "certificate": null,
      "red_gate_message": "\u274c Test execution failed: ",
      "green_gate_message": "",
      "god_gate_message": "",
      "baseline_passing": 0,
      "after_patch_passing": 0,
      "regressions": 0,
      "new_fixes": 0,
      "duration_ms": 43142,
      "error": "Red Gate failed: \u274c Test execution failed: "
    },
    {
      "instance_id": "sympy__sympy-15678",
      "verified": false,
      "patch": null,
      "certificate": null,
      "red_gate_message": "\u274c Test execution failed: ",
      "green_gate_message": "",
      "god_gate_message": "",
      "baseline_passing": 0,
      "after_patch_passing": 0,
      "regressions": 0,
      "new_fixes": 0,
      "duration_ms": 41667,
      "error": "Red Gate failed: \u274c Test execution failed: "
    },
    {
      "instance_id": "sympy__sympy-16106",
      "verified": false,
      "patch": null,
      "certificate": null,
      "red_gate_message": "\u274c Test execution failed: ",
      "green_gate_message": "",
      "god_gate_message": "",
      "baseline_passing": 0,
      "after_patch_passing": 0,
      "regressions": 0,
      "new_fixes": 0,
      "duration_ms": 55100,
      "error": "Red Gate failed: \u274c Test execution failed: "
    },
    {
      "instance_id": "sympy__sympy-16281",
      "verified": false,
      "patch": null,
      "certificate": null,
      "red_gate_message": "\u274c Test execution failed: ",
      "green_gate_message": "",
      "god_gate_message": "",
      "baseline_passing": 0,
      "after_patch_passing": 0,
      "regressions": 0,
      "new_fixes": 0,
      "duration_ms": 42103,
      "error": "Red Gate failed: \u274c Test execution failed: "
    },
    {
      "instance_id": "sympy__sympy-16503",
      "verified": false,
      "patch": null,
      "certificate": null,
      "red_gate_message": "\u274c Test execution failed: ",
      "green_gate_message": "",
      "god_gate_message": "",
      "baseline_passing": 0,
      "after_patch_passing": 0,
      "regressions": 0,
      "new_fixes": 0,
      "duration_ms": 43138,
      "error": "Red Gate failed: \u274c Test execution failed: "
    },
    {
      "instance_id": "sympy__sympy-16792",
      "verified": false,
      "patch": null,
      "certificate": null,
      "red_gate_message": "\u274c Test execution failed: ",
      "green_gate_message": "",
      "god_gate_message": "",
      "baseline_passing": 0,
      "after_patch_passing": 0,
      "regressions": 0,
      "new_fixes": 0,
      "duration_ms": 45691,
      "error": "Red Gate failed: \u274c Test execution failed: "
    },
    {
      "instance_id": "sympy__sympy-16988",
      "verified": false,
      "patch": null,
      "certificate": null,
      "red_gate_message": "\u274c Test execution failed: ",
      "green_gate_message": "",
      "god_gate_message": "",
      "baseline_passing": 0,
      "after_patch_passing": 0,
      "regressions": 0,
      "new_fixes": 0,
      "duration_ms": 46799,
      "error": "Red Gate failed: \u274c Test execution failed: "
    },
    {
      "instance_id": "sympy__sympy-17022",
      "verified": false,
      "patch": null,
      "certificate": null,
      "red_gate_message": "\u274c Test execution failed: ",
      "green_gate_message": "",
      "god_gate_message": "",
      "baseline_passing": 0,
      "after_patch_passing": 0,
      "regressions": 0,
      "new_fixes": 0,
      "duration_ms": 46956,
      "error": "Red Gate failed: \u274c Test execution failed: "
    },
    {
      "instance_id": "sympy__sympy-17139",
      "verified": false,
      "patch": null,
      "certificate": null,
      "red_gate_message": "\u274c Test execution failed: ",
      "green_gate_message": "",
      "god_gate_message": "",
      "baseline_passing": 0,
      "after_patch_passing": 0,
      "regressions": 0,
      "new_fixes": 0,
      "duration_ms": 45190,
      "error": "Red Gate failed: \u274c Test execution failed: "
    },
    {
      "instance_id": "sympy__sympy-17630",
      "verified": false,
      "patch": null,
      "certificate": null,
      "red_gate_message": "\u274c Test execution failed: ",
      "green_gate_message": "",
      "god_gate_message": "",
      "baseline_passing": 0,
      "after_patch_passing": 0,
      "regressions": 0,
      "new_fixes": 0,
      "duration_ms": 50066,
      "error": "Red Gate failed: \u274c Test execution failed: "
    },
    {
      "instance_id": "sympy__sympy-17655",
      "verified": false,
      "patch": null,
      "certificate": null,
      "red_gate_message": "\u274c Test execution failed: ",
      "green_gate_message": "",
      "god_gate_message": "",
      "baseline_passing": 0,
      "after_patch_passing": 0,
      "regressions": 0,
      "new_fixes": 0,
      "duration_ms": 48647,
      "error": "Red Gate failed: \u274c Test execution failed: "
    },
    {
      "instance_id": "sympy__sympy-18057",
      "verified": false,
      "patch": null,
      "certificate": null,
      "red_gate_message": "\u274c Test execution failed: ",
      "green_gate_message": "",
      "god_gate_message": "",
      "baseline_passing": 0,
      "after_patch_passing": 0,
      "regressions": 0,
      "new_fixes": 0,
      "duration_ms": 49226,
      "error": "Red Gate failed: \u274c Test execution failed: "
    },
    {
      "instance_id": "sympy__sympy-18087",
      "verified": false,
      "patch": null,
      "certificate": null,
      "red_gate_message": "\u274c Test execution failed: ",
      "green_gate_message": "",
      "god_gate_message": "",
      "baseline_passing": 0,
      "after_patch_passing": 0,
      "regressions": 0,
      "new_fixes": 0,
      "duration_ms": 50674,
      "error": "Red Gate failed: \u274c Test execution failed: "
    },
    {
      "instance_id": "sympy__sympy-18189",
      "verified": false,
      "patch": null,
      "certificate": null,
      "red_gate_message": "\u274c Test execution failed: ",
      "green_gate_message": "",
      "god_gate_message": "",
      "baseline_passing": 0,
      "after_patch_passing": 0,
      "regressions": 0,
      "new_fixes": 0,
      "duration_ms": 49862,
      "error": "Red Gate failed: \u274c Test execution failed: "
    },
    {
      "instance_id": "sympy__sympy-18199",
      "verified": false,
      "patch": null,
      "certificate": null,
      "red_gate_message": "\u274c Test execution failed: ",
      "green_gate_message": "",
      "god_gate_message": "",
      "baseline_passing": 0,
      "after_patch_passing": 0,
      "regressions": 0,
      "new_fixes": 0,
      "duration_ms": 45797,
      "error": "Red Gate failed: \u274c Test execution failed: "
    },
    {
      "instance_id": "sympy__sympy-18532",
      "verified": false,
      "patch": null,
      "certificate": null,
      "red_gate_message": "\u274c Test execution failed: ",
      "green_gate_message": "",
      "god_gate_message": "",
      "baseline_passing": 0,
      "after_patch_passing": 0,
      "regressions": 0,
      "new_fixes": 0,
      "duration_ms": 47883,
      "error": "Red Gate failed: \u274c Test execution failed: "
    },
    {
      "instance_id": "sympy__sympy-18621",
      "verified": false,
      "patch": null,
      "certificate": null,
      "red_gate_message": "\u274c Test execution failed: ",
      "green_gate_message": "",
      "god_gate_message": "",
      "baseline_passing": 0,
      "after_patch_passing": 0,
      "regressions": 0,
      "new_fixes": 0,
      "duration_ms": 46610,
      "error": "Red Gate failed: \u274c Test execution failed: "
    },
    {
      "instance_id": "sympy__sympy-18698",
      "verified": false,
      "patch": null,
      "certificate": null,
      "red_gate_message": "\u274c Test execution failed: ",
      "green_gate_message": "",
      "god_gate_message": "",
      "baseline_passing": 0,
      "after_patch_passing": 0,
      "regressions": 0,
      "new_fixes": 0,
      "duration_ms": 51663,
      "error": "Red Gate failed: \u274c Test execution failed: "
    },
    {
      "instance_id": "sympy__sympy-18835",
      "verified": false,
      "patch": null,
      "certificate": null,
      "red_gate_message": "\u274c Test execution failed: ",
      "green_gate_message": "",
      "god_gate_message": "",
      "baseline_passing": 0,
      "after_patch_passing": 0,
      "regressions": 0,
      "new_fixes": 0,
      "duration_ms": 51032,
      "error": "Red Gate failed: \u274c Test execution failed: "
    },
    {
      "instance_id": "sympy__sympy-19007",
      "verified": false,
      "patch": null,
      "certificate": null,
      "red_gate_message": "\u274c Test execution failed: ",
      "green_gate_message": "",
      "god_gate_message": "",
      "baseline_passing": 0,
      "after_patch_passing": 0,
      "regressions": 0,
      "new_fixes": 0,
      "duration_ms": 51234,
      "error": "Red Gate failed: \u274c Test execution failed: "
    },
    {
      "instance_id": "sympy__sympy-19254",
      "verified": false,
      "patch": null,
      "certificate": null,
      "red_gate_message": "\u274c Test execution failed: ",
      "green_gate_message": "",
      "god_gate_message": "",
      "baseline_passing": 0,
      "after_patch_passing": 0,
      "regressions": 0,
      "new_fixes": 0,
      "duration_ms": 51132,
      "error": "Red Gate failed: \u274c Test execution failed: "
    },
    {
      "instance_id": "sympy__sympy-19487",
      "verified": false,
      "patch": null,
      "certificate": null,
      "red_gate_message": "\u274c Test execution failed: ",
      "green_gate_message": "",
      "god_gate_message": "",
      "baseline_passing": 0,
      "after_patch_passing": 0,
      "regressions": 0,
      "new_fixes": 0,
      "duration_ms": 47637,
      "error": "Red Gate failed: \u274c Test execution failed: "
    },
    {
      "instance_id": "sympy__sympy-20049",
      "verified": false,
      "patch": null,
      "certificate": null,
      "red_gate_message": "\u274c Test execution failed: ",
      "green_gate_message": "",
      "god_gate_message": "",
      "baseline_passing": 0,
      "after_patch_passing": 0,
      "regressions": 0,
      "new_fixes": 0,
      "duration_ms": 57202,
      "error": "Red Gate failed: \u274c Test execution failed: "
    },
    {
      "instance_id": "sympy__sympy-20154",
      "verified": false,
      "patch": null,
      "certificate": null,
      "red_gate_message": "\u274c Test execution failed: ",
      "green_gate_message": "",
      "god_gate_message": "",
      "baseline_passing": 0,
      "after_patch_passing": 0,
      "regressions": 0,
      "new_fixes": 0,
      "duration_ms": 53661,
      "error": "Red Gate failed: \u274c Test execution failed: "
    },
    {
      "instance_id": "sympy__sympy-20212",
      "verified": false,
      "patch": null,
      "certificate": null,
      "red_gate_message": "\u274c Test execution failed: ",
      "green_gate_message": "",
      "god_gate_message": "",
      "baseline_passing": 0,
      "after_patch_passing": 0,
      "regressions": 0,
      "new_fixes": 0,
      "duration_ms": 54132,
      "error": "Red Gate failed: \u274c Test execution failed: "
    },
    {
      "instance_id": "sympy__sympy-20322",
      "verified": false,
      "patch": null,
      "certificate": null,
      "red_gate_message": "\u274c Test execution failed: ",
      "green_gate_message": "",
      "god_gate_message": "",
      "baseline_passing": 0,
      "after_patch_passing": 0,
      "regressions": 0,
      "new_fixes": 0,
      "duration_ms": 76440,
      "error": "Red Gate failed: \u274c Test execution failed: "
    },
    {
      "instance_id": "sympy__sympy-20442",
      "verified": false,
      "patch": null,
      "certificate": null,
      "red_gate_message": "\u274c Test execution failed: ",
      "green_gate_message": "",
      "god_gate_message": "",
      "baseline_passing": 0,
      "after_patch_passing": 0,
      "regressions": 0,
      "new_fixes": 0,
      "duration_ms": 77467,
      "error": "Red Gate failed: \u274c Test execution failed: "
    }
  ]
}