{
  "completed": [
    "django__django-10914",
    "astropy__astropy-14182",
    "astropy__astropy-14995",
    "django__django-11001",
    "django__django-11049",
    "django__django-10924",
    "astropy__astropy-7746",
    "astropy__astropy-6938",
    "django__django-11019",
    "django__django-11039",
    "astropy__astropy-12907",
    "astropy__astropy-14365"
  ],
  "results": [
    {
      "instance_id": "astropy__astropy-12907",
      "verified": false,
      "patch": null,
      "certificate": null,
      "red_gate_message": "\u274c Test execution failed: ImportError while loading conftest '/tmp/sweb-astropy__astropy-12907-blpsiwa3/repo/conftest.py'.\nconftest.py:11: in <module>\n    from astropy import __version__\nastropy/__init__.py:12: in <module>\n   ",
      "green_gate_message": "",
      "god_gate_message": "",
      "baseline_passing": 0,
      "after_patch_passing": 0,
      "regressions": 0,
      "new_fixes": 0,
      "duration_ms": 11511,
      "error": "Red Gate failed: \u274c Test execution failed: ImportError while loading conftest '/tmp/sweb-astropy__astropy-12907-blpsiwa3/repo/conftest.py'.\nconftest.py:11: in <module>\n    from astropy import __version__\nastropy/__init__.py:12: in <module>\n   "
    },
    {
      "instance_id": "astropy__astropy-14182",
      "verified": false,
      "patch": null,
      "certificate": null,
      "red_gate_message": "\u274c Test execution failed: ImportError while loading conftest '/tmp/sweb-astropy__astropy-14182-9zakh0cm/repo/astropy/conftest.py'.\n_pytest.pathlib.ImportPathMismatchError: ('astropy.conftest', '/home/phuc/.local/lib/python3.10",
      "green_gate_message": "",
      "god_gate_message": "",
      "baseline_passing": 0,
      "after_patch_passing": 0,
      "regressions": 0,
      "new_fixes": 0,
      "duration_ms": 10857,
      "error": "Red Gate failed: \u274c Test execution failed: ImportError while loading conftest '/tmp/sweb-astropy__astropy-14182-9zakh0cm/repo/astropy/conftest.py'.\n_pytest.pathlib.ImportPathMismatchError: ('astropy.conftest', '/home/phuc/.local/lib/python3.10"
    },
    {
      "instance_id": "astropy__astropy-14365",
      "verified": false,
      "patch": null,
      "certificate": null,
      "red_gate_message": "\u274c Test execution failed: ImportError while loading conftest '/tmp/sweb-astropy__astropy-14365-9jh49skc/repo/astropy/conftest.py'.\n_pytest.pathlib.ImportPathMismatchError: ('astropy.conftest', '/home/phuc/.local/lib/python3.10",
      "green_gate_message": "",
      "god_gate_message": "",
      "baseline_passing": 0,
      "after_patch_passing": 0,
      "regressions": 0,
      "new_fixes": 0,
      "duration_ms": 10664,
      "error": "Red Gate failed: \u274c Test execution failed: ImportError while loading conftest '/tmp/sweb-astropy__astropy-14365-9jh49skc/repo/astropy/conftest.py'.\n_pytest.pathlib.ImportPathMismatchError: ('astropy.conftest', '/home/phuc/.local/lib/python3.10"
    },
    {
      "instance_id": "astropy__astropy-14995",
      "verified": false,
      "patch": null,
      "certificate": null,
      "red_gate_message": "\u274c Test execution failed: ImportError while loading conftest '/tmp/sweb-astropy__astropy-14995-42xl98s8/repo/conftest.py'.\nconftest.py:11: in <module>\n    from astropy import __version__\nastropy/__init__.py:12: in <module>\n   ",
      "green_gate_message": "",
      "god_gate_message": "",
      "baseline_passing": 0,
      "after_patch_passing": 0,
      "regressions": 0,
      "new_fixes": 0,
      "duration_ms": 10817,
      "error": "Red Gate failed: \u274c Test execution failed: ImportError while loading conftest '/tmp/sweb-astropy__astropy-14995-42xl98s8/repo/conftest.py'.\nconftest.py:11: in <module>\n    from astropy import __version__\nastropy/__init__.py:12: in <module>\n   "
    },
    {
      "instance_id": "astropy__astropy-6938",
      "verified": false,
      "patch": null,
      "certificate": null,
      "red_gate_message": "\u274c Test execution failed: /tmp/sweb-astropy__astropy-6938-kcrql38_/repo/astropy/utils/introspection.py:147: UserWarning: pkg_resources is deprecated as an API. See https://setuptools.pypa.io/en/latest/pkg_resources.html. The p",
      "green_gate_message": "",
      "god_gate_message": "",
      "baseline_passing": 0,
      "after_patch_passing": 0,
      "regressions": 0,
      "new_fixes": 0,
      "duration_ms": 8011,
      "error": "Red Gate failed: \u274c Test execution failed: /tmp/sweb-astropy__astropy-6938-kcrql38_/repo/astropy/utils/introspection.py:147: UserWarning: pkg_resources is deprecated as an API. See https://setuptools.pypa.io/en/latest/pkg_resources.html. The p"
    },
    {
      "instance_id": "astropy__astropy-7746",
      "verified": false,
      "patch": null,
      "certificate": null,
      "red_gate_message": "\u274c Test execution failed: Traceback (most recent call last):\n  File \"/home/phuc/.local/bin/pytest\", line 8, in <module>\n    sys.exit(console_main())\n  File \"/home/phuc/.local/lib/python3.10/site-packages/_pytest/config/__init_",
      "green_gate_message": "",
      "god_gate_message": "",
      "baseline_passing": 0,
      "after_patch_passing": 0,
      "regressions": 0,
      "new_fixes": 0,
      "duration_ms": 7274,
      "error": "Red Gate failed: \u274c Test execution failed: Traceback (most recent call last):\n  File \"/home/phuc/.local/bin/pytest\", line 8, in <module>\n    sys.exit(console_main())\n  File \"/home/phuc/.local/lib/python3.10/site-packages/_pytest/config/__init_"
    },
    {
      "instance_id": "django__django-10914",
      "verified": false,
      "patch": null,
      "certificate": null,
      "red_gate_message": "\u2705 Baseline established: 100/100 passing",
      "green_gate_message": "",
      "god_gate_message": "",
      "baseline_passing": 0,
      "after_patch_passing": 0,
      "regressions": 0,
      "new_fixes": 0,
      "duration_ms": 309485,
      "error": "Failed to generate patch with LLM"
    },
    {
      "instance_id": "django__django-10924",
      "verified": false,
      "patch": null,
      "certificate": null,
      "red_gate_message": "\u2705 Baseline established: 1/2 passing",
      "green_gate_message": "",
      "god_gate_message": "",
      "baseline_passing": 0,
      "after_patch_passing": 0,
      "regressions": 0,
      "new_fixes": 0,
      "duration_ms": 307792,
      "error": "Failed to generate patch with LLM"
    },
    {
      "instance_id": "django__django-11001",
      "verified": false,
      "patch": null,
      "certificate": null,
      "red_gate_message": "\u2705 Baseline established: 121/121 passing",
      "green_gate_message": "",
      "god_gate_message": "",
      "baseline_passing": 0,
      "after_patch_passing": 0,
      "regressions": 0,
      "new_fixes": 0,
      "duration_ms": 308008,
      "error": "Failed to generate patch with LLM"
    },
    {
      "instance_id": "django__django-11019",
      "verified": false,
      "patch": null,
      "certificate": null,
      "red_gate_message": "\u2705 Baseline established: 80/80 passing",
      "green_gate_message": "",
      "god_gate_message": "",
      "baseline_passing": 0,
      "after_patch_passing": 0,
      "regressions": 0,
      "new_fixes": 0,
      "duration_ms": 309625,
      "error": "Failed to generate patch with LLM"
    },
    {
      "instance_id": "django__django-11039",
      "verified": false,
      "patch": null,
      "certificate": null,
      "red_gate_message": "\u2705 Baseline established: 89/89 passing",
      "green_gate_message": "",
      "god_gate_message": "",
      "baseline_passing": 0,
      "after_patch_passing": 0,
      "regressions": 0,
      "new_fixes": 0,
      "duration_ms": 308025,
      "error": "Failed to generate patch with LLM"
    },
    {
      "instance_id": "django__django-11049",
      "verified": false,
      "patch": null,
      "certificate": null,
      "red_gate_message": "\u2705 Baseline established: 9/9 passing",
      "green_gate_message": "",
      "god_gate_message": "",
      "baseline_passing": 0,
      "after_patch_passing": 0,
      "regressions": 0,
      "new_fixes": 0,
      "duration_ms": 305118,
      "error": "Failed to generate patch with LLM"
    }
  ]
}