{
  "completed": [
    "astropy__astropy-12907",
    "astropy__astropy-14182",
    "astropy__astropy-14365"
  ],
  "results": [
    {
      "instance_id": "astropy__astropy-12907",
      "verified": false,
      "patch": null,
      "certificate": null,
      "red_gate_message": "\u274c Test execution failed: Error processing line 1 of /home/phuc/.local/lib/python3.10/site-packages/matplotlib-3.6.0.dev1926+gf670fe787-nspkg.pth:\n\n  Traceback (most recent call last):\n    File \"/usr/lib/python3.10/site.py\", l",
      "green_gate_message": "",
      "god_gate_message": "",
      "baseline_passing": 0,
      "after_patch_passing": 0,
      "regressions": 0,
      "new_fixes": 0,
      "duration_ms": 6663,
      "error": "Red Gate failed: \u274c Test execution failed: Error processing line 1 of /home/phuc/.local/lib/python3.10/site-packages/matplotlib-3.6.0.dev1926+gf670fe787-nspkg.pth:\n\n  Traceback (most recent call last):\n    File \"/usr/lib/python3.10/site.py\", l"
    },
    {
      "instance_id": "astropy__astropy-14182",
      "verified": false,
      "patch": null,
      "certificate": null,
      "red_gate_message": "\u274c Test execution failed: Error processing line 1 of /home/phuc/.local/lib/python3.10/site-packages/matplotlib-3.6.0.dev2034+gc33557d12-nspkg.pth:\n\n  Traceback (most recent call last):\n    File \"/usr/lib/python3.10/site.py\", l",
      "green_gate_message": "",
      "god_gate_message": "",
      "baseline_passing": 0,
      "after_patch_passing": 0,
      "regressions": 0,
      "new_fixes": 0,
      "duration_ms": 7154,
      "error": "Red Gate failed: \u274c Test execution failed: Error processing line 1 of /home/phuc/.local/lib/python3.10/site-packages/matplotlib-3.6.0.dev2034+gc33557d12-nspkg.pth:\n\n  Traceback (most recent call last):\n    File \"/usr/lib/python3.10/site.py\", l"
    },
    {
      "instance_id": "astropy__astropy-14365",
      "verified": false,
      "patch": null,
      "certificate": null,
      "red_gate_message": "\u274c Test execution failed: Error processing line 1 of /home/phuc/.local/lib/python3.10/site-packages/matplotlib-3.6.0.dev2034+gc33557d12-nspkg.pth:\n\n  Traceback (most recent call last):\n    File \"/usr/lib/python3.10/site.py\", l",
      "green_gate_message": "",
      "god_gate_message": "",
      "baseline_passing": 0,
      "after_patch_passing": 0,
      "regressions": 0,
      "new_fixes": 0,
      "duration_ms": 7004,
      "error": "Red Gate failed: \u274c Test execution failed: Error processing line 1 of /home/phuc/.local/lib/python3.10/site-packages/matplotlib-3.6.0.dev2034+gc33557d12-nspkg.pth:\n\n  Traceback (most recent call last):\n    File \"/usr/lib/python3.10/site.py\", l"
    }
  ]
}