Warning: You are sending unauthenticated requests to the HF Hub. Please set a HF_TOKEN to enable higher rate limits and faster downloads.
============================================================
Stillwater SWE-bench Lite Runner (300 instances)
============================================================
Model: llama3.1:8b
Skills: 51 Prime Skills loaded
Verification: Red-Green-God gates
============================================================

ğŸ“¦ Loading SWE-bench Lite...
âœ… Loaded 300 instances


============================================================
[1/300] Processing astropy__astropy-12907
============================================================

============================================================
Running: astropy__astropy-12907
============================================================
ğŸ“‹ Test command: pytest -rA --tb=no -p no:cacheprovider astropy/modeling/tests/test_separable.py
   Test directives: astropy/modeling/tests/test_separable.py
ğŸ“¦ Installing test dependencies...
  Installing common test deps: pytest>=6.0, hypothesis>=6.0, pytest-django>=4.0, pytest-xdist>=2.0, pytest-cov>=3.0, pytest-timeout>=2.0
  Installing package in editable mode
    Warning: Editable install failed, trying regular install
    Warning: Package install failed:   error: subprocess-exited-with-error
  
  Ã— Getting requirements to build wheel did not run successfully.
  â”‚ exit code: 1
  â•°â”€> [25 lines of output]
      Traceback (most recent call last):
        
  âœ… Dependency installation complete
ğŸ”´ Red Gate: Checking baseline tests...
âŒ Test execution failed: ImportError while loading conftest '/tmp/sweb-astropy__astropy-12907-blpsiwa3/repo/conftest.py'.
conftest.py:11: in <module>
    from astropy import __version__
astropy/__init__.py:12: in <module>
   
âŒ FAILED: Red Gate failed: âŒ Test execution failed: ImportError while loading conftest '/tmp/sweb-astropy__astropy-12907-blpsiwa3/repo/conftest.py'.
conftest.py:11: in <module>
    from astropy import __version__
astropy/__init__.py:12: in <module>
   

============================================================
[2/300] Processing astropy__astropy-14182
============================================================

============================================================
Running: astropy__astropy-14182
============================================================
ğŸ“‹ Test command: pytest -rA --tb=no -p no:cacheprovider astropy/io/ascii/tests/test_rst.py
   Test directives: astropy/io/ascii/tests/test_rst.py
ğŸ“¦ Installing test dependencies...
  Installing common test deps: pytest>=6.0, hypothesis>=6.0, pytest-django>=4.0, pytest-xdist>=2.0, pytest-cov>=3.0, pytest-timeout>=2.0
  Installing package in editable mode
    Warning: Editable install failed, trying regular install
    Warning: Package install failed:   error: subprocess-exited-with-error
  
  Ã— Getting requirements to build wheel did not run successfully.
  â”‚ exit code: 1
  â•°â”€> [25 lines of output]
      Traceback (most recent call last):
        
  âœ… Dependency installation complete
ğŸ”´ Red Gate: Checking baseline tests...
âŒ Test execution failed: ImportError while loading conftest '/tmp/sweb-astropy__astropy-14182-9zakh0cm/repo/astropy/conftest.py'.
_pytest.pathlib.ImportPathMismatchError: ('astropy.conftest', '/home/phuc/.local/lib/python3.10
âŒ FAILED: Red Gate failed: âŒ Test execution failed: ImportError while loading conftest '/tmp/sweb-astropy__astropy-14182-9zakh0cm/repo/astropy/conftest.py'.
_pytest.pathlib.ImportPathMismatchError: ('astropy.conftest', '/home/phuc/.local/lib/python3.10

============================================================
[3/300] Processing astropy__astropy-14365
============================================================

============================================================
Running: astropy__astropy-14365
============================================================
ğŸ“‹ Test command: pytest -rA --tb=no -p no:cacheprovider astropy/io/ascii/tests/test_qdp.py
   Test directives: astropy/io/ascii/tests/test_qdp.py
ğŸ“¦ Installing test dependencies...
  Installing common test deps: pytest>=6.0, hypothesis>=6.0, pytest-django>=4.0, pytest-xdist>=2.0, pytest-cov>=3.0, pytest-timeout>=2.0
  Installing package in editable mode
    Warning: Editable install failed, trying regular install
    Warning: Package install failed:   error: subprocess-exited-with-error
  
  Ã— Getting requirements to build wheel did not run successfully.
  â”‚ exit code: 1
  â•°â”€> [25 lines of output]
      Traceback (most recent call last):
        
  âœ… Dependency installation complete
ğŸ”´ Red Gate: Checking baseline tests...
âŒ Test execution failed: ImportError while loading conftest '/tmp/sweb-astropy__astropy-14365-9jh49skc/repo/astropy/conftest.py'.
_pytest.pathlib.ImportPathMismatchError: ('astropy.conftest', '/home/phuc/.local/lib/python3.10
âŒ FAILED: Red Gate failed: âŒ Test execution failed: ImportError while loading conftest '/tmp/sweb-astropy__astropy-14365-9jh49skc/repo/astropy/conftest.py'.
_pytest.pathlib.ImportPathMismatchError: ('astropy.conftest', '/home/phuc/.local/lib/python3.10

============================================================
[4/300] Processing astropy__astropy-14995
============================================================

============================================================
Running: astropy__astropy-14995
============================================================
ğŸ“‹ Test command: pytest -rA --tb=no -p no:cacheprovider astropy/nddata/mixins/tests/test_ndarithmetic.py
   Test directives: astropy/nddata/mixins/tests/test_ndarithmetic.py
ğŸ“¦ Installing test dependencies...
  Installing common test deps: pytest>=6.0, hypothesis>=6.0, pytest-django>=4.0, pytest-xdist>=2.0, pytest-cov>=3.0, pytest-timeout>=2.0
  Installing package in editable mode
    Warning: Editable install failed, trying regular install
    Warning: Package install failed:   error: subprocess-exited-with-error
  
  Ã— Getting requirements to build wheel did not run successfully.
  â”‚ exit code: 1
  â•°â”€> [25 lines of output]
      Traceback (most recent call last):
        
  âœ… Dependency installation complete
ğŸ”´ Red Gate: Checking baseline tests...
âŒ Test execution failed: ImportError while loading conftest '/tmp/sweb-astropy__astropy-14995-42xl98s8/repo/conftest.py'.
conftest.py:11: in <module>
    from astropy import __version__
astropy/__init__.py:12: in <module>
   
âŒ FAILED: Red Gate failed: âŒ Test execution failed: ImportError while loading conftest '/tmp/sweb-astropy__astropy-14995-42xl98s8/repo/conftest.py'.
conftest.py:11: in <module>
    from astropy import __version__
astropy/__init__.py:12: in <module>
   

============================================================
[5/300] Processing astropy__astropy-6938
============================================================

============================================================
Running: astropy__astropy-6938
============================================================
ğŸ“‹ Test command: pytest -rA --tb=no -p no:cacheprovider astropy/io/fits/tests/test_checksum.py astropy/io/fits/tests/test_table.py
   Test directives: astropy/io/fits/tests/test_checksum.py, astropy/io/fits/tests/test_table.py
ğŸ“¦ Installing test dependencies...
  Installing common test deps: pytest>=6.0, hypothesis>=6.0, pytest-django>=4.0, pytest-xdist>=2.0, pytest-cov>=3.0, pytest-timeout>=2.0
  Installing package in editable mode
    Warning: Editable install failed, trying regular install
    Warning: Package install failed:   error: subprocess-exited-with-error
  
  Ã— Getting requirements to build wheel did not run successfully.
  â”‚ exit code: 1
  â•°â”€> [57 lines of output]
      ez_setup.py is deprecated and when using it
  âœ… Dependency installation complete
ğŸ”´ Red Gate: Checking baseline tests...
âŒ Test execution failed: /tmp/sweb-astropy__astropy-6938-kcrql38_/repo/astropy/utils/introspection.py:147: UserWarning: pkg_resources is deprecated as an API. See https://setuptools.pypa.io/en/latest/pkg_resources.html. The p
âŒ FAILED: Red Gate failed: âŒ Test execution failed: /tmp/sweb-astropy__astropy-6938-kcrql38_/repo/astropy/utils/introspection.py:147: UserWarning: pkg_resources is deprecated as an API. See https://setuptools.pypa.io/en/latest/pkg_resources.html. The p

============================================================
[6/300] Processing astropy__astropy-7746
============================================================

============================================================
Running: astropy__astropy-7746
============================================================
ğŸ“‹ Test command: pytest -rA --tb=no -p no:cacheprovider astropy/wcs/tests/test_wcs.py
   Test directives: astropy/wcs/tests/test_wcs.py
ğŸ“¦ Installing test dependencies...
  Installing common test deps: pytest>=6.0, hypothesis>=6.0, pytest-django>=4.0, pytest-xdist>=2.0, pytest-cov>=3.0, pytest-timeout>=2.0
  Installing package in editable mode
    Warning: Editable install failed, trying regular install
    Warning: Package install failed:   error: subprocess-exited-with-error
  
  Ã— Getting requirements to build wheel did not run successfully.
  â”‚ exit code: 1
  â•°â”€> [19 lines of output]
      Traceback (most recent call last):
        
  âœ… Dependency installation complete
ğŸ”´ Red Gate: Checking baseline tests...
âŒ Test execution failed: Traceback (most recent call last):
  File "/home/phuc/.local/bin/pytest", line 8, in <module>
    sys.exit(console_main())
  File "/home/phuc/.local/lib/python3.10/site-packages/_pytest/config/__init_
âŒ FAILED: Red Gate failed: âŒ Test execution failed: Traceback (most recent call last):
  File "/home/phuc/.local/bin/pytest", line 8, in <module>
    sys.exit(console_main())
  File "/home/phuc/.local/lib/python3.10/site-packages/_pytest/config/__init_

============================================================
[7/300] Processing django__django-10914
============================================================

============================================================
Running: django__django-10914
============================================================
ğŸ“‹ Test command: ./tests/runtests.py --verbosity 2 --settings=test_sqlite --parallel 1 test_utils.tests
   Test directives: test_utils.tests
ğŸ“¦ Installing test dependencies...
  Installing common test deps: pytest>=6.0, hypothesis>=6.0, pytest-django>=4.0, pytest-xdist>=2.0, pytest-cov>=3.0, pytest-timeout>=2.0
  Installing package in editable mode
  âœ… Dependency installation complete
ğŸ”´ Red Gate: Checking baseline tests...
âœ… Baseline established: 100/100 passing
ğŸ”§ Generating patch with llama3.1:8b + Prime Skills...
   Skills loaded: 51
âŒ Patch generation failed: Ollama request failed: HTTPConnectionPool(host='localhost', port=11434): Read timed out. (read timeout=300)
âŒ FAILED: Failed to generate patch with LLM

============================================================
[8/300] Processing django__django-10924
============================================================

============================================================
Running: django__django-10924
============================================================
ğŸ“‹ Test command: ./tests/runtests.py --verbosity 2 --settings=test_sqlite --parallel 1 model_fields.test_filepathfield
   Test directives: model_fields.test_filepathfield
ğŸ“¦ Installing test dependencies...
  Installing common test deps: pytest>=6.0, hypothesis>=6.0, pytest-django>=4.0, pytest-xdist>=2.0, pytest-cov>=3.0, pytest-timeout>=2.0
  Installing package in editable mode
  âœ… Dependency installation complete
ğŸ”´ Red Gate: Checking baseline tests...
âœ… Baseline established: 1/2 passing
ğŸ”§ Generating patch with llama3.1:8b + Prime Skills...
   Skills loaded: 51
âŒ Patch generation failed: Ollama request failed: HTTPConnectionPool(host='localhost', port=11434): Read timed out. (read timeout=300)
âŒ FAILED: Failed to generate patch with LLM

============================================================
[9/300] Processing django__django-11001
============================================================

============================================================
Running: django__django-11001
============================================================
ğŸ“‹ Test command: ./tests/runtests.py --verbosity 2 --settings=test_sqlite --parallel 1 expressions.tests
   Test directives: expressions.tests
ğŸ“¦ Installing test dependencies...
  Installing common test deps: pytest>=6.0, hypothesis>=6.0, pytest-django>=4.0, pytest-xdist>=2.0, pytest-cov>=3.0, pytest-timeout>=2.0
  Installing package in editable mode
  âœ… Dependency installation complete
ğŸ”´ Red Gate: Checking baseline tests...
âœ… Baseline established: 121/121 passing
ğŸ”§ Generating patch with llama3.1:8b + Prime Skills...
   Skills loaded: 51
âŒ Patch generation failed: Ollama request failed: HTTPConnectionPool(host='localhost', port=11434): Read timed out. (read timeout=300)
âŒ FAILED: Failed to generate patch with LLM

============================================================
[10/300] Processing django__django-11019
============================================================

============================================================
Running: django__django-11019
============================================================
ğŸ“‹ Test command: ./tests/runtests.py --verbosity 2 --settings=test_sqlite --parallel 1 admin_inlines.tests admin_widgets.test_autocomplete_widget forms_tests.tests.test_media
   Test directives: admin_inlines.tests, admin_widgets.test_autocomplete_widget, forms_tests.tests.test_media
ğŸ“¦ Installing test dependencies...
  Installing common test deps: pytest>=6.0, hypothesis>=6.0, pytest-django>=4.0, pytest-xdist>=2.0, pytest-cov>=3.0, pytest-timeout>=2.0
  Installing package in editable mode
  âœ… Dependency installation complete
ğŸ”´ Red Gate: Checking baseline tests...
âœ… Baseline established: 80/80 passing
ğŸ”§ Generating patch with llama3.1:8b + Prime Skills...
   Skills loaded: 51
âŒ Patch generation failed: Ollama request failed: HTTPConnectionPool(host='localhost', port=11434): Read timed out. (read timeout=300)
âŒ FAILED: Failed to generate patch with LLM

============================================================
[11/300] Processing django__django-11039
============================================================

============================================================
Running: django__django-11039
============================================================
ğŸ“‹ Test command: ./tests/runtests.py --verbosity 2 --settings=test_sqlite --parallel 1 migrations.test_commands
   Test directives: migrations.test_commands
ğŸ“¦ Installing test dependencies...
  Installing common test deps: pytest>=6.0, hypothesis>=6.0, pytest-django>=4.0, pytest-xdist>=2.0, pytest-cov>=3.0, pytest-timeout>=2.0
  Installing package in editable mode
  âœ… Dependency installation complete
ğŸ”´ Red Gate: Checking baseline tests...
âœ… Baseline established: 89/89 passing
ğŸ”§ Generating patch with llama3.1:8b + Prime Skills...
   Skills loaded: 51
âŒ Patch generation failed: Ollama request failed: HTTPConnectionPool(host='localhost', port=11434): Read timed out. (read timeout=300)
âŒ FAILED: Failed to generate patch with LLM

============================================================
[12/300] Processing django__django-11049
============================================================

============================================================
Running: django__django-11049
============================================================
ğŸ“‹ Test command: ./tests/runtests.py --verbosity 2 --settings=test_sqlite --parallel 1 model_fields.test_durationfield
   Test directives: model_fields.test_durationfield
ğŸ“¦ Installing test dependencies...
  Installing common test deps: pytest>=6.0, hypothesis>=6.0, pytest-django>=4.0, pytest-xdist>=2.0, pytest-cov>=3.0, pytest-timeout>=2.0
  Installing package in editable mode
  âœ… Dependency installation complete
ğŸ”´ Red Gate: Checking baseline tests...
âœ… Baseline established: 9/9 passing
ğŸ”§ Generating patch with llama3.1:8b + Prime Skills...
   Skills loaded: 51
